[2021-07-30 20:08:51] local.ERROR: Cannot redeclare getPrice() (previously declared in C:\Users\sminth\biscrem\Univers Coding\Projects\Www\fondation\app\Helpers.php:4) {"exception":"[object] (Symfony\\Component\\ErrorHandler\\Error\\FatalError(code: 0): Cannot redeclare getPrice() (previously declared in C:\\Users\\sminth\\biscrem\\Univers Coding\\Projects\\Www\\fondation\\app\\Helpers.php:4) at C:\\Users\\sminth\\biscrem\\Univers Coding\\Projects\\Www\\fondation\\app\\Helpers.php:4)
[stacktrace]
#0 {main}
"} 
[2021-07-30 20:09:50] local.ERROR: Cannot redeclare getPrice() (previously declared in C:\Users\sminth\biscrem\Univers Coding\Projects\Www\fondation\app\Helpers.php:4) {"exception":"[object] (Symfony\\Component\\ErrorHandler\\Error\\FatalError(code: 0): Cannot redeclare getPrice() (previously declared in C:\\Users\\sminth\\biscrem\\Univers Coding\\Projects\\Www\\fondation\\app\\Helpers.php:4) at C:\\Users\\sminth\\biscrem\\Univers Coding\\Projects\\Www\\fondation\\app\\Helpers.php:4)
[stacktrace]
#0 {main}
"} 
[2021-07-30 20:10:50] local.ERROR: Cannot redeclare getPrice() (previously declared in C:\Users\sminth\biscrem\Univers Coding\Projects\Www\fondation\app\Helpers.php:4) {"exception":"[object] (Symfony\\Component\\ErrorHandler\\Error\\FatalError(code: 0): Cannot redeclare getPrice() (previously declared in C:\\Users\\sminth\\biscrem\\Univers Coding\\Projects\\Www\\fondation\\app\\Helpers.php:4) at C:\\Users\\sminth\\biscrem\\Univers Coding\\Projects\\Www\\fondation\\app\\Helpers.php:4)
[stacktrace]
#0 {main}
"} 
[2021-07-30 20:11:51] local.ERROR: Cannot redeclare getPrice() (previously declared in C:\Users\sminth\biscrem\Univers Coding\Projects\Www\fondation\app\Helpers.php:4) {"exception":"[object] (Symfony\\Component\\ErrorHandler\\Error\\FatalError(code: 0): Cannot redeclare getPrice() (previously declared in C:\\Users\\sminth\\biscrem\\Univers Coding\\Projects\\Www\\fondation\\app\\Helpers.php:4) at C:\\Users\\sminth\\biscrem\\Univers Coding\\Projects\\Www\\fondation\\app\\Helpers.php:4)
[stacktrace]
#0 {main}
"} 
[2021-07-30 20:12:50] local.ERROR: Cannot redeclare getPrice() (previously declared in C:\Users\sminth\biscrem\Univers Coding\Projects\Www\fondation\app\Helpers.php:4) {"exception":"[object] (Symfony\\Component\\ErrorHandler\\Error\\FatalError(code: 0): Cannot redeclare getPrice() (previously declared in C:\\Users\\sminth\\biscrem\\Univers Coding\\Projects\\Www\\fondation\\app\\Helpers.php:4) at C:\\Users\\sminth\\biscrem\\Univers Coding\\Projects\\Www\\fondation\\app\\Helpers.php:4)
[stacktrace]
#0 {main}
"} 
[2021-07-30 20:13:50] local.ERROR: Cannot redeclare getPrice() (previously declared in C:\Users\sminth\biscrem\Univers Coding\Projects\Www\fondation\app\Helpers.php:4) {"exception":"[object] (Symfony\\Component\\ErrorHandler\\Error\\FatalError(code: 0): Cannot redeclare getPrice() (previously declared in C:\\Users\\sminth\\biscrem\\Univers Coding\\Projects\\Www\\fondation\\app\\Helpers.php:4) at C:\\Users\\sminth\\biscrem\\Univers Coding\\Projects\\Www\\fondation\\app\\Helpers.php:4)
[stacktrace]
#0 {main}
"} 
[2021-07-30 20:14:51] local.ERROR: Cannot redeclare getPrice() (previously declared in C:\Users\sminth\biscrem\Univers Coding\Projects\Www\fondation\app\Helpers.php:4) {"exception":"[object] (Symfony\\Component\\ErrorHandler\\Error\\FatalError(code: 0): Cannot redeclare getPrice() (previously declared in C:\\Users\\sminth\\biscrem\\Univers Coding\\Projects\\Www\\fondation\\app\\Helpers.php:4) at C:\\Users\\sminth\\biscrem\\Univers Coding\\Projects\\Www\\fondation\\app\\Helpers.php:4)
[stacktrace]
#0 {main}
"} 
[2021-07-30 20:15:51] local.ERROR: Cannot redeclare getPrice() (previously declared in C:\Users\sminth\biscrem\Univers Coding\Projects\Www\fondation\app\Helpers.php:4) {"exception":"[object] (Symfony\\Component\\ErrorHandler\\Error\\FatalError(code: 0): Cannot redeclare getPrice() (previously declared in C:\\Users\\sminth\\biscrem\\Univers Coding\\Projects\\Www\\fondation\\app\\Helpers.php:4) at C:\\Users\\sminth\\biscrem\\Univers Coding\\Projects\\Www\\fondation\\app\\Helpers.php:4)
[stacktrace]
#0 {main}
"} 
[2021-07-30 20:16:50] local.ERROR: Cannot redeclare getPrice() (previously declared in C:\Users\sminth\biscrem\Univers Coding\Projects\Www\fondation\app\Helpers.php:4) {"exception":"[object] (Symfony\\Component\\ErrorHandler\\Error\\FatalError(code: 0): Cannot redeclare getPrice() (previously declared in C:\\Users\\sminth\\biscrem\\Univers Coding\\Projects\\Www\\fondation\\app\\Helpers.php:4) at C:\\Users\\sminth\\biscrem\\Univers Coding\\Projects\\Www\\fondation\\app\\Helpers.php:4)
[stacktrace]
#0 {main}
"} 
[2021-07-30 20:17:50] local.ERROR: Cannot redeclare getPrice() (previously declared in C:\Users\sminth\biscrem\Univers Coding\Projects\Www\fondation\app\Helpers.php:4) {"exception":"[object] (Symfony\\Component\\ErrorHandler\\Error\\FatalError(code: 0): Cannot redeclare getPrice() (previously declared in C:\\Users\\sminth\\biscrem\\Univers Coding\\Projects\\Www\\fondation\\app\\Helpers.php:4) at C:\\Users\\sminth\\biscrem\\Univers Coding\\Projects\\Www\\fondation\\app\\Helpers.php:4)
[stacktrace]
#0 {main}
"} 
[2021-07-30 20:18:51] local.ERROR: Cannot redeclare getPrice() (previously declared in C:\Users\sminth\biscrem\Univers Coding\Projects\Www\fondation\app\Helpers.php:4) {"exception":"[object] (Symfony\\Component\\ErrorHandler\\Error\\FatalError(code: 0): Cannot redeclare getPrice() (previously declared in C:\\Users\\sminth\\biscrem\\Univers Coding\\Projects\\Www\\fondation\\app\\Helpers.php:4) at C:\\Users\\sminth\\biscrem\\Univers Coding\\Projects\\Www\\fondation\\app\\Helpers.php:4)
[stacktrace]
#0 {main}
"} 
[2021-07-30 20:19:50] local.ERROR: Cannot redeclare getPrice() (previously declared in C:\Users\sminth\biscrem\Univers Coding\Projects\Www\fondation\app\Helpers.php:4) {"exception":"[object] (Symfony\\Component\\ErrorHandler\\Error\\FatalError(code: 0): Cannot redeclare getPrice() (previously declared in C:\\Users\\sminth\\biscrem\\Univers Coding\\Projects\\Www\\fondation\\app\\Helpers.php:4) at C:\\Users\\sminth\\biscrem\\Univers Coding\\Projects\\Www\\fondation\\app\\Helpers.php:4)
[stacktrace]
#0 {main}
"} 
[2021-07-30 20:20:22] local.ERROR: Target class [CountrySeeder] does not exist. {"exception":"[object] (Illuminate\\Contracts\\Container\\BindingResolutionException(code: 0): Target class [CountrySeeder] does not exist. at C:\\Users\\sminth\\biscrem\\Univers Coding\\Projects\\Www\\fondation\\vendor\\laravel\\framework\\src\\Illuminate\\Container\\Container.php:811)
[stacktrace]
#0 C:\\Users\\sminth\\biscrem\\Univers Coding\\Projects\\Www\\fondation\\vendor\\laravel\\framework\\src\\Illuminate\\Container\\Container.php(691): Illuminate\\Container\\Container->build('CountrySeeder')
#1 C:\\Users\\sminth\\biscrem\\Univers Coding\\Projects\\Www\\fondation\\vendor\\laravel\\framework\\src\\Illuminate\\Foundation\\Application.php(796): Illuminate\\Container\\Container->resolve('CountrySeeder', Array, true)
#2 C:\\Users\\sminth\\biscrem\\Univers Coding\\Projects\\Www\\fondation\\vendor\\laravel\\framework\\src\\Illuminate\\Container\\Container.php(637): Illuminate\\Foundation\\Application->resolve('CountrySeeder', Array)
#3 C:\\Users\\sminth\\biscrem\\Univers Coding\\Projects\\Www\\fondation\\vendor\\laravel\\framework\\src\\Illuminate\\Foundation\\Application.php(781): Illuminate\\Container\\Container->make('CountrySeeder', Array)
#4 C:\\Users\\sminth\\biscrem\\Univers Coding\\Projects\\Www\\fondation\\vendor\\laravel\\framework\\src\\Illuminate\\Database\\Seeder.php(80): Illuminate\\Foundation\\Application->make('CountrySeeder')
#5 C:\\Users\\sminth\\biscrem\\Univers Coding\\Projects\\Www\\fondation\\vendor\\laravel\\framework\\src\\Illuminate\\Database\\Seeder.php(38): Illuminate\\Database\\Seeder->resolve('CountrySeeder')
#6 C:\\Users\\sminth\\biscrem\\Univers Coding\\Projects\\Www\\fondation\\database\\seeds\\DatabaseSeeder.php(22): Illuminate\\Database\\Seeder->call('CountrySeeder')
#7 C:\\Users\\sminth\\biscrem\\Univers Coding\\Projects\\Www\\fondation\\vendor\\laravel\\framework\\src\\Illuminate\\Container\\BoundMethod.php(36): DatabaseSeeder->run()
#8 C:\\Users\\sminth\\biscrem\\Univers Coding\\Projects\\Www\\fondation\\vendor\\laravel\\framework\\src\\Illuminate\\Container\\Util.php(37): Illuminate\\Container\\BoundMethod::Illuminate\\Container\\{closure}()
#9 C:\\Users\\sminth\\biscrem\\Univers Coding\\Projects\\Www\\fondation\\vendor\\laravel\\framework\\src\\Illuminate\\Container\\BoundMethod.php(93): Illuminate\\Container\\Util::unwrapIfClosure(Object(Closure))
#10 C:\\Users\\sminth\\biscrem\\Univers Coding\\Projects\\Www\\fondation\\vendor\\laravel\\framework\\src\\Illuminate\\Container\\BoundMethod.php(37): Illuminate\\Container\\BoundMethod::callBoundMethod(Object(Illuminate\\Foundation\\Application), Array, Object(Closure))
#11 C:\\Users\\sminth\\biscrem\\Univers Coding\\Projects\\Www\\fondation\\vendor\\laravel\\framework\\src\\Illuminate\\Container\\Container.php(596): Illuminate\\Container\\BoundMethod::call(Object(Illuminate\\Foundation\\Application), Array, Array, NULL)
#12 C:\\Users\\sminth\\biscrem\\Univers Coding\\Projects\\Www\\fondation\\vendor\\laravel\\framework\\src\\Illuminate\\Database\\Seeder.php(134): Illuminate\\Container\\Container->call(Array)
#13 C:\\Users\\sminth\\biscrem\\Univers Coding\\Projects\\Www\\fondation\\vendor\\laravel\\framework\\src\\Illuminate\\Database\\Console\\Seeds\\SeedCommand.php(65): Illuminate\\Database\\Seeder->__invoke()
#14 C:\\Users\\sminth\\biscrem\\Univers Coding\\Projects\\Www\\fondation\\vendor\\laravel\\framework\\src\\Illuminate\\Database\\Eloquent\\Concerns\\GuardsAttributes.php(155): Illuminate\\Database\\Console\\Seeds\\SeedCommand->Illuminate\\Database\\Console\\Seeds\\{closure}()
#15 C:\\Users\\sminth\\biscrem\\Univers Coding\\Projects\\Www\\fondation\\vendor\\laravel\\framework\\src\\Illuminate\\Database\\Console\\Seeds\\SeedCommand.php(66): Illuminate\\Database\\Eloquent\\Model::unguarded(Object(Closure))
#16 C:\\Users\\sminth\\biscrem\\Univers Coding\\Projects\\Www\\fondation\\vendor\\laravel\\framework\\src\\Illuminate\\Container\\BoundMethod.php(36): Illuminate\\Database\\Console\\Seeds\\SeedCommand->handle()
#17 C:\\Users\\sminth\\biscrem\\Univers Coding\\Projects\\Www\\fondation\\vendor\\laravel\\framework\\src\\Illuminate\\Container\\Util.php(37): Illuminate\\Container\\BoundMethod::Illuminate\\Container\\{closure}()
#18 C:\\Users\\sminth\\biscrem\\Univers Coding\\Projects\\Www\\fondation\\vendor\\laravel\\framework\\src\\Illuminate\\Container\\BoundMethod.php(93): Illuminate\\Container\\Util::unwrapIfClosure(Object(Closure))
#19 C:\\Users\\sminth\\biscrem\\Univers Coding\\Projects\\Www\\fondation\\vendor\\laravel\\framework\\src\\Illuminate\\Container\\BoundMethod.php(37): Illuminate\\Container\\BoundMethod::callBoundMethod(Object(Illuminate\\Foundation\\Application), Array, Object(Closure))
#20 C:\\Users\\sminth\\biscrem\\Univers Coding\\Projects\\Www\\fondation\\vendor\\laravel\\framework\\src\\Illuminate\\Container\\Container.php(596): Illuminate\\Container\\BoundMethod::call(Object(Illuminate\\Foundation\\Application), Array, Array, NULL)
#21 C:\\Users\\sminth\\biscrem\\Univers Coding\\Projects\\Www\\fondation\\vendor\\laravel\\framework\\src\\Illuminate\\Console\\Command.php(134): Illuminate\\Container\\Container->call(Array)
#22 C:\\Users\\sminth\\biscrem\\Univers Coding\\Projects\\Www\\fondation\\vendor\\symfony\\console\\Command\\Command.php(299): Illuminate\\Console\\Command->execute(Object(Symfony\\Component\\Console\\Input\\ArrayInput), Object(Illuminate\\Console\\OutputStyle))
#23 C:\\Users\\sminth\\biscrem\\Univers Coding\\Projects\\Www\\fondation\\vendor\\laravel\\framework\\src\\Illuminate\\Console\\Command.php(121): Symfony\\Component\\Console\\Command\\Command->run(Object(Symfony\\Component\\Console\\Input\\ArrayInput), Object(Illuminate\\Console\\OutputStyle))
#24 C:\\Users\\sminth\\biscrem\\Univers Coding\\Projects\\Www\\fondation\\vendor\\laravel\\framework\\src\\Illuminate\\Console\\Concerns\\CallsCommands.php(56): Illuminate\\Console\\Command->run(Object(Symfony\\Component\\Console\\Input\\ArrayInput), Object(Illuminate\\Console\\OutputStyle))
#25 C:\\Users\\sminth\\biscrem\\Univers Coding\\Projects\\Www\\fondation\\vendor\\laravel\\framework\\src\\Illuminate\\Console\\Concerns\\CallsCommands.php(28): Illuminate\\Console\\Command->runCommand('db:seed', Array, Object(Illuminate\\Console\\OutputStyle))
#26 C:\\Users\\sminth\\biscrem\\Univers Coding\\Projects\\Www\\fondation\\vendor\\laravel\\framework\\src\\Illuminate\\Database\\Console\\Migrations\\FreshCommand.php(81): Illuminate\\Console\\Command->call('db:seed', Array)
#27 C:\\Users\\sminth\\biscrem\\Univers Coding\\Projects\\Www\\fondation\\vendor\\laravel\\framework\\src\\Illuminate\\Database\\Console\\Migrations\\FreshCommand.php(56): Illuminate\\Database\\Console\\Migrations\\FreshCommand->runSeeder(NULL)
#28 C:\\Users\\sminth\\biscrem\\Univers Coding\\Projects\\Www\\fondation\\vendor\\laravel\\framework\\src\\Illuminate\\Container\\BoundMethod.php(36): Illuminate\\Database\\Console\\Migrations\\FreshCommand->handle()
#29 C:\\Users\\sminth\\biscrem\\Univers Coding\\Projects\\Www\\fondation\\vendor\\laravel\\framework\\src\\Illuminate\\Container\\Util.php(37): Illuminate\\Container\\BoundMethod::Illuminate\\Container\\{closure}()
#30 C:\\Users\\sminth\\biscrem\\Univers Coding\\Projects\\Www\\fondation\\vendor\\laravel\\framework\\src\\Illuminate\\Container\\BoundMethod.php(93): Illuminate\\Container\\Util::unwrapIfClosure(Object(Closure))
#31 C:\\Users\\sminth\\biscrem\\Univers Coding\\Projects\\Www\\fondation\\vendor\\laravel\\framework\\src\\Illuminate\\Container\\BoundMethod.php(37): Illuminate\\Container\\BoundMethod::callBoundMethod(Object(Illuminate\\Foundation\\Application), Array, Object(Closure))
#32 C:\\Users\\sminth\\biscrem\\Univers Coding\\Projects\\Www\\fondation\\vendor\\laravel\\framework\\src\\Illuminate\\Container\\Container.php(596): Illuminate\\Container\\BoundMethod::call(Object(Illuminate\\Foundation\\Application), Array, Array, NULL)
#33 C:\\Users\\sminth\\biscrem\\Univers Coding\\Projects\\Www\\fondation\\vendor\\laravel\\framework\\src\\Illuminate\\Console\\Command.php(134): Illuminate\\Container\\Container->call(Array)
#34 C:\\Users\\sminth\\biscrem\\Univers Coding\\Projects\\Www\\fondation\\vendor\\symfony\\console\\Command\\Command.php(299): Illuminate\\Console\\Command->execute(Object(Symfony\\Component\\Console\\Input\\ArgvInput), Object(Illuminate\\Console\\OutputStyle))
#35 C:\\Users\\sminth\\biscrem\\Univers Coding\\Projects\\Www\\fondation\\vendor\\laravel\\framework\\src\\Illuminate\\Console\\Command.php(121): Symfony\\Component\\Console\\Command\\Command->run(Object(Symfony\\Component\\Console\\Input\\ArgvInput), Object(Illuminate\\Console\\OutputStyle))
#36 C:\\Users\\sminth\\biscrem\\Univers Coding\\Projects\\Www\\fondation\\vendor\\symfony\\console\\Application.php(978): Illuminate\\Console\\Command->run(Object(Symfony\\Component\\Console\\Input\\ArgvInput), Object(Symfony\\Component\\Console\\Output\\ConsoleOutput))
#37 C:\\Users\\sminth\\biscrem\\Univers Coding\\Projects\\Www\\fondation\\vendor\\symfony\\console\\Application.php(295): Symfony\\Component\\Console\\Application->doRunCommand(Object(Illuminate\\Database\\Console\\Migrations\\FreshCommand), Object(Symfony\\Component\\Console\\Input\\ArgvInput), Object(Symfony\\Component\\Console\\Output\\ConsoleOutput))
#38 C:\\Users\\sminth\\biscrem\\Univers Coding\\Projects\\Www\\fondation\\vendor\\symfony\\console\\Application.php(167): Symfony\\Component\\Console\\Application->doRun(Object(Symfony\\Component\\Console\\Input\\ArgvInput), Object(Symfony\\Component\\Console\\Output\\ConsoleOutput))
#39 C:\\Users\\sminth\\biscrem\\Univers Coding\\Projects\\Www\\fondation\\vendor\\laravel\\framework\\src\\Illuminate\\Console\\Application.php(93): Symfony\\Component\\Console\\Application->run(Object(Symfony\\Component\\Console\\Input\\ArgvInput), Object(Symfony\\Component\\Console\\Output\\ConsoleOutput))
#40 C:\\Users\\sminth\\biscrem\\Univers Coding\\Projects\\Www\\fondation\\vendor\\laravel\\framework\\src\\Illuminate\\Foundation\\Console\\Kernel.php(129): Illuminate\\Console\\Application->run(Object(Symfony\\Component\\Console\\Input\\ArgvInput), Object(Symfony\\Component\\Console\\Output\\ConsoleOutput))
#41 C:\\Users\\sminth\\biscrem\\Univers Coding\\Projects\\Www\\fondation\\artisan(37): Illuminate\\Foundation\\Console\\Kernel->handle(Object(Symfony\\Component\\Console\\Input\\ArgvInput), Object(Symfony\\Component\\Console\\Output\\ConsoleOutput))
#42 {main}

[previous exception] [object] (ReflectionException(code: -1): Class CountrySeeder does not exist at C:\\Users\\sminth\\biscrem\\Univers Coding\\Projects\\Www\\fondation\\vendor\\laravel\\framework\\src\\Illuminate\\Container\\Container.php:809)
[stacktrace]
#0 C:\\Users\\sminth\\biscrem\\Univers Coding\\Projects\\Www\\fondation\\vendor\\laravel\\framework\\src\\Illuminate\\Container\\Container.php(809): ReflectionClass->__construct('CountrySeeder')
#1 C:\\Users\\sminth\\biscrem\\Univers Coding\\Projects\\Www\\fondation\\vendor\\laravel\\framework\\src\\Illuminate\\Container\\Container.php(691): Illuminate\\Container\\Container->build('CountrySeeder')
#2 C:\\Users\\sminth\\biscrem\\Univers Coding\\Projects\\Www\\fondation\\vendor\\laravel\\framework\\src\\Illuminate\\Foundation\\Application.php(796): Illuminate\\Container\\Container->resolve('CountrySeeder', Array, true)
#3 C:\\Users\\sminth\\biscrem\\Univers Coding\\Projects\\Www\\fondation\\vendor\\laravel\\framework\\src\\Illuminate\\Container\\Container.php(637): Illuminate\\Foundation\\Application->resolve('CountrySeeder', Array)
#4 C:\\Users\\sminth\\biscrem\\Univers Coding\\Projects\\Www\\fondation\\vendor\\laravel\\framework\\src\\Illuminate\\Foundation\\Application.php(781): Illuminate\\Container\\Container->make('CountrySeeder', Array)
#5 C:\\Users\\sminth\\biscrem\\Univers Coding\\Projects\\Www\\fondation\\vendor\\laravel\\framework\\src\\Illuminate\\Database\\Seeder.php(80): Illuminate\\Foundation\\Application->make('CountrySeeder')
#6 C:\\Users\\sminth\\biscrem\\Univers Coding\\Projects\\Www\\fondation\\vendor\\laravel\\framework\\src\\Illuminate\\Database\\Seeder.php(38): Illuminate\\Database\\Seeder->resolve('CountrySeeder')
#7 C:\\Users\\sminth\\biscrem\\Univers Coding\\Projects\\Www\\fondation\\database\\seeds\\DatabaseSeeder.php(22): Illuminate\\Database\\Seeder->call('CountrySeeder')
#8 C:\\Users\\sminth\\biscrem\\Univers Coding\\Projects\\Www\\fondation\\vendor\\laravel\\framework\\src\\Illuminate\\Container\\BoundMethod.php(36): DatabaseSeeder->run()
#9 C:\\Users\\sminth\\biscrem\\Univers Coding\\Projects\\Www\\fondation\\vendor\\laravel\\framework\\src\\Illuminate\\Container\\Util.php(37): Illuminate\\Container\\BoundMethod::Illuminate\\Container\\{closure}()
#10 C:\\Users\\sminth\\biscrem\\Univers Coding\\Projects\\Www\\fondation\\vendor\\laravel\\framework\\src\\Illuminate\\Container\\BoundMethod.php(93): Illuminate\\Container\\Util::unwrapIfClosure(Object(Closure))
#11 C:\\Users\\sminth\\biscrem\\Univers Coding\\Projects\\Www\\fondation\\vendor\\laravel\\framework\\src\\Illuminate\\Container\\BoundMethod.php(37): Illuminate\\Container\\BoundMethod::callBoundMethod(Object(Illuminate\\Foundation\\Application), Array, Object(Closure))
#12 C:\\Users\\sminth\\biscrem\\Univers Coding\\Projects\\Www\\fondation\\vendor\\laravel\\framework\\src\\Illuminate\\Container\\Container.php(596): Illuminate\\Container\\BoundMethod::call(Object(Illuminate\\Foundation\\Application), Array, Array, NULL)
#13 C:\\Users\\sminth\\biscrem\\Univers Coding\\Projects\\Www\\fondation\\vendor\\laravel\\framework\\src\\Illuminate\\Database\\Seeder.php(134): Illuminate\\Container\\Container->call(Array)
#14 C:\\Users\\sminth\\biscrem\\Univers Coding\\Projects\\Www\\fondation\\vendor\\laravel\\framework\\src\\Illuminate\\Database\\Console\\Seeds\\SeedCommand.php(65): Illuminate\\Database\\Seeder->__invoke()
#15 C:\\Users\\sminth\\biscrem\\Univers Coding\\Projects\\Www\\fondation\\vendor\\laravel\\framework\\src\\Illuminate\\Database\\Eloquent\\Concerns\\GuardsAttributes.php(155): Illuminate\\Database\\Console\\Seeds\\SeedCommand->Illuminate\\Database\\Console\\Seeds\\{closure}()
#16 C:\\Users\\sminth\\biscrem\\Univers Coding\\Projects\\Www\\fondation\\vendor\\laravel\\framework\\src\\Illuminate\\Database\\Console\\Seeds\\SeedCommand.php(66): Illuminate\\Database\\Eloquent\\Model::unguarded(Object(Closure))
#17 C:\\Users\\sminth\\biscrem\\Univers Coding\\Projects\\Www\\fondation\\vendor\\laravel\\framework\\src\\Illuminate\\Container\\BoundMethod.php(36): Illuminate\\Database\\Console\\Seeds\\SeedCommand->handle()
#18 C:\\Users\\sminth\\biscrem\\Univers Coding\\Projects\\Www\\fondation\\vendor\\laravel\\framework\\src\\Illuminate\\Container\\Util.php(37): Illuminate\\Container\\BoundMethod::Illuminate\\Container\\{closure}()
#19 C:\\Users\\sminth\\biscrem\\Univers Coding\\Projects\\Www\\fondation\\vendor\\laravel\\framework\\src\\Illuminate\\Container\\BoundMethod.php(93): Illuminate\\Container\\Util::unwrapIfClosure(Object(Closure))
#20 C:\\Users\\sminth\\biscrem\\Univers Coding\\Projects\\Www\\fondation\\vendor\\laravel\\framework\\src\\Illuminate\\Container\\BoundMethod.php(37): Illuminate\\Container\\BoundMethod::callBoundMethod(Object(Illuminate\\Foundation\\Application), Array, Object(Closure))
#21 C:\\Users\\sminth\\biscrem\\Univers Coding\\Projects\\Www\\fondation\\vendor\\laravel\\framework\\src\\Illuminate\\Container\\Container.php(596): Illuminate\\Container\\BoundMethod::call(Object(Illuminate\\Foundation\\Application), Array, Array, NULL)
#22 C:\\Users\\sminth\\biscrem\\Univers Coding\\Projects\\Www\\fondation\\vendor\\laravel\\framework\\src\\Illuminate\\Console\\Command.php(134): Illuminate\\Container\\Container->call(Array)
#23 C:\\Users\\sminth\\biscrem\\Univers Coding\\Projects\\Www\\fondation\\vendor\\symfony\\console\\Command\\Command.php(299): Illuminate\\Console\\Command->execute(Object(Symfony\\Component\\Console\\Input\\ArrayInput), Object(Illuminate\\Console\\OutputStyle))
#24 C:\\Users\\sminth\\biscrem\\Univers Coding\\Projects\\Www\\fondation\\vendor\\laravel\\framework\\src\\Illuminate\\Console\\Command.php(121): Symfony\\Component\\Console\\Command\\Command->run(Object(Symfony\\Component\\Console\\Input\\ArrayInput), Object(Illuminate\\Console\\OutputStyle))
#25 C:\\Users\\sminth\\biscrem\\Univers Coding\\Projects\\Www\\fondation\\vendor\\laravel\\framework\\src\\Illuminate\\Console\\Concerns\\CallsCommands.php(56): Illuminate\\Console\\Command->run(Object(Symfony\\Component\\Console\\Input\\ArrayInput), Object(Illuminate\\Console\\OutputStyle))
#26 C:\\Users\\sminth\\biscrem\\Univers Coding\\Projects\\Www\\fondation\\vendor\\laravel\\framework\\src\\Illuminate\\Console\\Concerns\\CallsCommands.php(28): Illuminate\\Console\\Command->runCommand('db:seed', Array, Object(Illuminate\\Console\\OutputStyle))
#27 C:\\Users\\sminth\\biscrem\\Univers Coding\\Projects\\Www\\fondation\\vendor\\laravel\\framework\\src\\Illuminate\\Database\\Console\\Migrations\\FreshCommand.php(81): Illuminate\\Console\\Command->call('db:seed', Array)
#28 C:\\Users\\sminth\\biscrem\\Univers Coding\\Projects\\Www\\fondation\\vendor\\laravel\\framework\\src\\Illuminate\\Database\\Console\\Migrations\\FreshCommand.php(56): Illuminate\\Database\\Console\\Migrations\\FreshCommand->runSeeder(NULL)
#29 C:\\Users\\sminth\\biscrem\\Univers Coding\\Projects\\Www\\fondation\\vendor\\laravel\\framework\\src\\Illuminate\\Container\\BoundMethod.php(36): Illuminate\\Database\\Console\\Migrations\\FreshCommand->handle()
#30 C:\\Users\\sminth\\biscrem\\Univers Coding\\Projects\\Www\\fondation\\vendor\\laravel\\framework\\src\\Illuminate\\Container\\Util.php(37): Illuminate\\Container\\BoundMethod::Illuminate\\Container\\{closure}()
#31 C:\\Users\\sminth\\biscrem\\Univers Coding\\Projects\\Www\\fondation\\vendor\\laravel\\framework\\src\\Illuminate\\Container\\BoundMethod.php(93): Illuminate\\Container\\Util::unwrapIfClosure(Object(Closure))
#32 C:\\Users\\sminth\\biscrem\\Univers Coding\\Projects\\Www\\fondation\\vendor\\laravel\\framework\\src\\Illuminate\\Container\\BoundMethod.php(37): Illuminate\\Container\\BoundMethod::callBoundMethod(Object(Illuminate\\Foundation\\Application), Array, Object(Closure))
#33 C:\\Users\\sminth\\biscrem\\Univers Coding\\Projects\\Www\\fondation\\vendor\\laravel\\framework\\src\\Illuminate\\Container\\Container.php(596): Illuminate\\Container\\BoundMethod::call(Object(Illuminate\\Foundation\\Application), Array, Array, NULL)
#34 C:\\Users\\sminth\\biscrem\\Univers Coding\\Projects\\Www\\fondation\\vendor\\laravel\\framework\\src\\Illuminate\\Console\\Command.php(134): Illuminate\\Container\\Container->call(Array)
#35 C:\\Users\\sminth\\biscrem\\Univers Coding\\Projects\\Www\\fondation\\vendor\\symfony\\console\\Command\\Command.php(299): Illuminate\\Console\\Command->execute(Object(Symfony\\Component\\Console\\Input\\ArgvInput), Object(Illuminate\\Console\\OutputStyle))
#36 C:\\Users\\sminth\\biscrem\\Univers Coding\\Projects\\Www\\fondation\\vendor\\laravel\\framework\\src\\Illuminate\\Console\\Command.php(121): Symfony\\Component\\Console\\Command\\Command->run(Object(Symfony\\Component\\Console\\Input\\ArgvInput), Object(Illuminate\\Console\\OutputStyle))
#37 C:\\Users\\sminth\\biscrem\\Univers Coding\\Projects\\Www\\fondation\\vendor\\symfony\\console\\Application.php(978): Illuminate\\Console\\Command->run(Object(Symfony\\Component\\Console\\Input\\ArgvInput), Object(Symfony\\Component\\Console\\Output\\ConsoleOutput))
#38 C:\\Users\\sminth\\biscrem\\Univers Coding\\Projects\\Www\\fondation\\vendor\\symfony\\console\\Application.php(295): Symfony\\Component\\Console\\Application->doRunCommand(Object(Illuminate\\Database\\Console\\Migrations\\FreshCommand), Object(Symfony\\Component\\Console\\Input\\ArgvInput), Object(Symfony\\Component\\Console\\Output\\ConsoleOutput))
#39 C:\\Users\\sminth\\biscrem\\Univers Coding\\Projects\\Www\\fondation\\vendor\\symfony\\console\\Application.php(167): Symfony\\Component\\Console\\Application->doRun(Object(Symfony\\Component\\Console\\Input\\ArgvInput), Object(Symfony\\Component\\Console\\Output\\ConsoleOutput))
#40 C:\\Users\\sminth\\biscrem\\Univers Coding\\Projects\\Www\\fondation\\vendor\\laravel\\framework\\src\\Illuminate\\Console\\Application.php(93): Symfony\\Component\\Console\\Application->run(Object(Symfony\\Component\\Console\\Input\\ArgvInput), Object(Symfony\\Component\\Console\\Output\\ConsoleOutput))
#41 C:\\Users\\sminth\\biscrem\\Univers Coding\\Projects\\Www\\fondation\\vendor\\laravel\\framework\\src\\Illuminate\\Foundation\\Console\\Kernel.php(129): Illuminate\\Console\\Application->run(Object(Symfony\\Component\\Console\\Input\\ArgvInput), Object(Symfony\\Component\\Console\\Output\\ConsoleOutput))
#42 C:\\Users\\sminth\\biscrem\\Univers Coding\\Projects\\Www\\fondation\\artisan(37): Illuminate\\Foundation\\Console\\Kernel->handle(Object(Symfony\\Component\\Console\\Input\\ArgvInput), Object(Symfony\\Component\\Console\\Output\\ConsoleOutput))
#43 {main}
"} 
[2021-07-30 20:20:51] local.ERROR: Cannot redeclare getPrice() (previously declared in C:\Users\sminth\biscrem\Univers Coding\Projects\Www\fondation\app\Helpers.php:4) {"exception":"[object] (Symfony\\Component\\ErrorHandler\\Error\\FatalError(code: 0): Cannot redeclare getPrice() (previously declared in C:\\Users\\sminth\\biscrem\\Univers Coding\\Projects\\Www\\fondation\\app\\Helpers.php:4) at C:\\Users\\sminth\\biscrem\\Univers Coding\\Projects\\Www\\fondation\\app\\Helpers.php:4)
[stacktrace]
#0 {main}
"} 
[2021-07-30 20:20:51] local.ERROR: Target class [ArticlesTableSeeder] does not exist. {"exception":"[object] (Illuminate\\Contracts\\Container\\BindingResolutionException(code: 0): Target class [ArticlesTableSeeder] does not exist. at C:\\Users\\sminth\\biscrem\\Univers Coding\\Projects\\Www\\fondation\\vendor\\laravel\\framework\\src\\Illuminate\\Container\\Container.php:811)
[stacktrace]
#0 C:\\Users\\sminth\\biscrem\\Univers Coding\\Projects\\Www\\fondation\\vendor\\laravel\\framework\\src\\Illuminate\\Container\\Container.php(691): Illuminate\\Container\\Container->build('ArticlesTableSe...')
#1 C:\\Users\\sminth\\biscrem\\Univers Coding\\Projects\\Www\\fondation\\vendor\\laravel\\framework\\src\\Illuminate\\Foundation\\Application.php(796): Illuminate\\Container\\Container->resolve('ArticlesTableSe...', Array, true)
#2 C:\\Users\\sminth\\biscrem\\Univers Coding\\Projects\\Www\\fondation\\vendor\\laravel\\framework\\src\\Illuminate\\Container\\Container.php(637): Illuminate\\Foundation\\Application->resolve('ArticlesTableSe...', Array)
#3 C:\\Users\\sminth\\biscrem\\Univers Coding\\Projects\\Www\\fondation\\vendor\\laravel\\framework\\src\\Illuminate\\Foundation\\Application.php(781): Illuminate\\Container\\Container->make('ArticlesTableSe...', Array)
#4 C:\\Users\\sminth\\biscrem\\Univers Coding\\Projects\\Www\\fondation\\vendor\\laravel\\framework\\src\\Illuminate\\Database\\Seeder.php(80): Illuminate\\Foundation\\Application->make('ArticlesTableSe...')
#5 C:\\Users\\sminth\\biscrem\\Univers Coding\\Projects\\Www\\fondation\\vendor\\laravel\\framework\\src\\Illuminate\\Database\\Seeder.php(38): Illuminate\\Database\\Seeder->resolve('ArticlesTableSe...')
#6 C:\\Users\\sminth\\biscrem\\Univers Coding\\Projects\\Www\\fondation\\database\\seeds\\DatabaseSeeder.php(32): Illuminate\\Database\\Seeder->call('ArticlesTableSe...')
#7 C:\\Users\\sminth\\biscrem\\Univers Coding\\Projects\\Www\\fondation\\vendor\\laravel\\framework\\src\\Illuminate\\Container\\BoundMethod.php(36): DatabaseSeeder->run()
#8 C:\\Users\\sminth\\biscrem\\Univers Coding\\Projects\\Www\\fondation\\vendor\\laravel\\framework\\src\\Illuminate\\Container\\Util.php(37): Illuminate\\Container\\BoundMethod::Illuminate\\Container\\{closure}()
#9 C:\\Users\\sminth\\biscrem\\Univers Coding\\Projects\\Www\\fondation\\vendor\\laravel\\framework\\src\\Illuminate\\Container\\BoundMethod.php(93): Illuminate\\Container\\Util::unwrapIfClosure(Object(Closure))
#10 C:\\Users\\sminth\\biscrem\\Univers Coding\\Projects\\Www\\fondation\\vendor\\laravel\\framework\\src\\Illuminate\\Container\\BoundMethod.php(37): Illuminate\\Container\\BoundMethod::callBoundMethod(Object(Illuminate\\Foundation\\Application), Array, Object(Closure))
#11 C:\\Users\\sminth\\biscrem\\Univers Coding\\Projects\\Www\\fondation\\vendor\\laravel\\framework\\src\\Illuminate\\Container\\Container.php(596): Illuminate\\Container\\BoundMethod::call(Object(Illuminate\\Foundation\\Application), Array, Array, NULL)
#12 C:\\Users\\sminth\\biscrem\\Univers Coding\\Projects\\Www\\fondation\\vendor\\laravel\\framework\\src\\Illuminate\\Database\\Seeder.php(134): Illuminate\\Container\\Container->call(Array)
#13 C:\\Users\\sminth\\biscrem\\Univers Coding\\Projects\\Www\\fondation\\vendor\\laravel\\framework\\src\\Illuminate\\Database\\Console\\Seeds\\SeedCommand.php(65): Illuminate\\Database\\Seeder->__invoke()
#14 C:\\Users\\sminth\\biscrem\\Univers Coding\\Projects\\Www\\fondation\\vendor\\laravel\\framework\\src\\Illuminate\\Database\\Eloquent\\Concerns\\GuardsAttributes.php(155): Illuminate\\Database\\Console\\Seeds\\SeedCommand->Illuminate\\Database\\Console\\Seeds\\{closure}()
#15 C:\\Users\\sminth\\biscrem\\Univers Coding\\Projects\\Www\\fondation\\vendor\\laravel\\framework\\src\\Illuminate\\Database\\Console\\Seeds\\SeedCommand.php(66): Illuminate\\Database\\Eloquent\\Model::unguarded(Object(Closure))
#16 C:\\Users\\sminth\\biscrem\\Univers Coding\\Projects\\Www\\fondation\\vendor\\laravel\\framework\\src\\Illuminate\\Container\\BoundMethod.php(36): Illuminate\\Database\\Console\\Seeds\\SeedCommand->handle()
#17 C:\\Users\\sminth\\biscrem\\Univers Coding\\Projects\\Www\\fondation\\vendor\\laravel\\framework\\src\\Illuminate\\Container\\Util.php(37): Illuminate\\Container\\BoundMethod::Illuminate\\Container\\{closure}()
#18 C:\\Users\\sminth\\biscrem\\Univers Coding\\Projects\\Www\\fondation\\vendor\\laravel\\framework\\src\\Illuminate\\Container\\BoundMethod.php(93): Illuminate\\Container\\Util::unwrapIfClosure(Object(Closure))
#19 C:\\Users\\sminth\\biscrem\\Univers Coding\\Projects\\Www\\fondation\\vendor\\laravel\\framework\\src\\Illuminate\\Container\\BoundMethod.php(37): Illuminate\\Container\\BoundMethod::callBoundMethod(Object(Illuminate\\Foundation\\Application), Array, Object(Closure))
#20 C:\\Users\\sminth\\biscrem\\Univers Coding\\Projects\\Www\\fondation\\vendor\\laravel\\framework\\src\\Illuminate\\Container\\Container.php(596): Illuminate\\Container\\BoundMethod::call(Object(Illuminate\\Foundation\\Application), Array, Array, NULL)
#21 C:\\Users\\sminth\\biscrem\\Univers Coding\\Projects\\Www\\fondation\\vendor\\laravel\\framework\\src\\Illuminate\\Console\\Command.php(134): Illuminate\\Container\\Container->call(Array)
#22 C:\\Users\\sminth\\biscrem\\Univers Coding\\Projects\\Www\\fondation\\vendor\\symfony\\console\\Command\\Command.php(299): Illuminate\\Console\\Command->execute(Object(Symfony\\Component\\Console\\Input\\ArrayInput), Object(Illuminate\\Console\\OutputStyle))
#23 C:\\Users\\sminth\\biscrem\\Univers Coding\\Projects\\Www\\fondation\\vendor\\laravel\\framework\\src\\Illuminate\\Console\\Command.php(121): Symfony\\Component\\Console\\Command\\Command->run(Object(Symfony\\Component\\Console\\Input\\ArrayInput), Object(Illuminate\\Console\\OutputStyle))
#24 C:\\Users\\sminth\\biscrem\\Univers Coding\\Projects\\Www\\fondation\\vendor\\laravel\\framework\\src\\Illuminate\\Console\\Concerns\\CallsCommands.php(56): Illuminate\\Console\\Command->run(Object(Symfony\\Component\\Console\\Input\\ArrayInput), Object(Illuminate\\Console\\OutputStyle))
#25 C:\\Users\\sminth\\biscrem\\Univers Coding\\Projects\\Www\\fondation\\vendor\\laravel\\framework\\src\\Illuminate\\Console\\Concerns\\CallsCommands.php(28): Illuminate\\Console\\Command->runCommand('db:seed', Array, Object(Illuminate\\Console\\OutputStyle))
#26 C:\\Users\\sminth\\biscrem\\Univers Coding\\Projects\\Www\\fondation\\vendor\\laravel\\framework\\src\\Illuminate\\Database\\Console\\Migrations\\FreshCommand.php(81): Illuminate\\Console\\Command->call('db:seed', Array)
#27 C:\\Users\\sminth\\biscrem\\Univers Coding\\Projects\\Www\\fondation\\vendor\\laravel\\framework\\src\\Illuminate\\Database\\Console\\Migrations\\FreshCommand.php(56): Illuminate\\Database\\Console\\Migrations\\FreshCommand->runSeeder(NULL)
#28 C:\\Users\\sminth\\biscrem\\Univers Coding\\Projects\\Www\\fondation\\vendor\\laravel\\framework\\src\\Illuminate\\Container\\BoundMethod.php(36): Illuminate\\Database\\Console\\Migrations\\FreshCommand->handle()
#29 C:\\Users\\sminth\\biscrem\\Univers Coding\\Projects\\Www\\fondation\\vendor\\laravel\\framework\\src\\Illuminate\\Container\\Util.php(37): Illuminate\\Container\\BoundMethod::Illuminate\\Container\\{closure}()
#30 C:\\Users\\sminth\\biscrem\\Univers Coding\\Projects\\Www\\fondation\\vendor\\laravel\\framework\\src\\Illuminate\\Container\\BoundMethod.php(93): Illuminate\\Container\\Util::unwrapIfClosure(Object(Closure))
#31 C:\\Users\\sminth\\biscrem\\Univers Coding\\Projects\\Www\\fondation\\vendor\\laravel\\framework\\src\\Illuminate\\Container\\BoundMethod.php(37): Illuminate\\Container\\BoundMethod::callBoundMethod(Object(Illuminate\\Foundation\\Application), Array, Object(Closure))
#32 C:\\Users\\sminth\\biscrem\\Univers Coding\\Projects\\Www\\fondation\\vendor\\laravel\\framework\\src\\Illuminate\\Container\\Container.php(596): Illuminate\\Container\\BoundMethod::call(Object(Illuminate\\Foundation\\Application), Array, Array, NULL)
#33 C:\\Users\\sminth\\biscrem\\Univers Coding\\Projects\\Www\\fondation\\vendor\\laravel\\framework\\src\\Illuminate\\Console\\Command.php(134): Illuminate\\Container\\Container->call(Array)
#34 C:\\Users\\sminth\\biscrem\\Univers Coding\\Projects\\Www\\fondation\\vendor\\symfony\\console\\Command\\Command.php(299): Illuminate\\Console\\Command->execute(Object(Symfony\\Component\\Console\\Input\\ArgvInput), Object(Illuminate\\Console\\OutputStyle))
#35 C:\\Users\\sminth\\biscrem\\Univers Coding\\Projects\\Www\\fondation\\vendor\\laravel\\framework\\src\\Illuminate\\Console\\Command.php(121): Symfony\\Component\\Console\\Command\\Command->run(Object(Symfony\\Component\\Console\\Input\\ArgvInput), Object(Illuminate\\Console\\OutputStyle))
#36 C:\\Users\\sminth\\biscrem\\Univers Coding\\Projects\\Www\\fondation\\vendor\\symfony\\console\\Application.php(978): Illuminate\\Console\\Command->run(Object(Symfony\\Component\\Console\\Input\\ArgvInput), Object(Symfony\\Component\\Console\\Output\\ConsoleOutput))
#37 C:\\Users\\sminth\\biscrem\\Univers Coding\\Projects\\Www\\fondation\\vendor\\symfony\\console\\Application.php(295): Symfony\\Component\\Console\\Application->doRunCommand(Object(Illuminate\\Database\\Console\\Migrations\\FreshCommand), Object(Symfony\\Component\\Console\\Input\\ArgvInput), Object(Symfony\\Component\\Console\\Output\\ConsoleOutput))
#38 C:\\Users\\sminth\\biscrem\\Univers Coding\\Projects\\Www\\fondation\\vendor\\symfony\\console\\Application.php(167): Symfony\\Component\\Console\\Application->doRun(Object(Symfony\\Component\\Console\\Input\\ArgvInput), Object(Symfony\\Component\\Console\\Output\\ConsoleOutput))
#39 C:\\Users\\sminth\\biscrem\\Univers Coding\\Projects\\Www\\fondation\\vendor\\laravel\\framework\\src\\Illuminate\\Console\\Application.php(93): Symfony\\Component\\Console\\Application->run(Object(Symfony\\Component\\Console\\Input\\ArgvInput), Object(Symfony\\Component\\Console\\Output\\ConsoleOutput))
#40 C:\\Users\\sminth\\biscrem\\Univers Coding\\Projects\\Www\\fondation\\vendor\\laravel\\framework\\src\\Illuminate\\Foundation\\Console\\Kernel.php(129): Illuminate\\Console\\Application->run(Object(Symfony\\Component\\Console\\Input\\ArgvInput), Object(Symfony\\Component\\Console\\Output\\ConsoleOutput))
#41 C:\\Users\\sminth\\biscrem\\Univers Coding\\Projects\\Www\\fondation\\artisan(37): Illuminate\\Foundation\\Console\\Kernel->handle(Object(Symfony\\Component\\Console\\Input\\ArgvInput), Object(Symfony\\Component\\Console\\Output\\ConsoleOutput))
#42 {main}

[previous exception] [object] (ReflectionException(code: -1): Class ArticlesTableSeeder does not exist at C:\\Users\\sminth\\biscrem\\Univers Coding\\Projects\\Www\\fondation\\vendor\\laravel\\framework\\src\\Illuminate\\Container\\Container.php:809)
[stacktrace]
#0 C:\\Users\\sminth\\biscrem\\Univers Coding\\Projects\\Www\\fondation\\vendor\\laravel\\framework\\src\\Illuminate\\Container\\Container.php(809): ReflectionClass->__construct('ArticlesTableSe...')
#1 C:\\Users\\sminth\\biscrem\\Univers Coding\\Projects\\Www\\fondation\\vendor\\laravel\\framework\\src\\Illuminate\\Container\\Container.php(691): Illuminate\\Container\\Container->build('ArticlesTableSe...')
#2 C:\\Users\\sminth\\biscrem\\Univers Coding\\Projects\\Www\\fondation\\vendor\\laravel\\framework\\src\\Illuminate\\Foundation\\Application.php(796): Illuminate\\Container\\Container->resolve('ArticlesTableSe...', Array, true)
#3 C:\\Users\\sminth\\biscrem\\Univers Coding\\Projects\\Www\\fondation\\vendor\\laravel\\framework\\src\\Illuminate\\Container\\Container.php(637): Illuminate\\Foundation\\Application->resolve('ArticlesTableSe...', Array)
#4 C:\\Users\\sminth\\biscrem\\Univers Coding\\Projects\\Www\\fondation\\vendor\\laravel\\framework\\src\\Illuminate\\Foundation\\Application.php(781): Illuminate\\Container\\Container->make('ArticlesTableSe...', Array)
#5 C:\\Users\\sminth\\biscrem\\Univers Coding\\Projects\\Www\\fondation\\vendor\\laravel\\framework\\src\\Illuminate\\Database\\Seeder.php(80): Illuminate\\Foundation\\Application->make('ArticlesTableSe...')
#6 C:\\Users\\sminth\\biscrem\\Univers Coding\\Projects\\Www\\fondation\\vendor\\laravel\\framework\\src\\Illuminate\\Database\\Seeder.php(38): Illuminate\\Database\\Seeder->resolve('ArticlesTableSe...')
#7 C:\\Users\\sminth\\biscrem\\Univers Coding\\Projects\\Www\\fondation\\database\\seeds\\DatabaseSeeder.php(32): Illuminate\\Database\\Seeder->call('ArticlesTableSe...')
#8 C:\\Users\\sminth\\biscrem\\Univers Coding\\Projects\\Www\\fondation\\vendor\\laravel\\framework\\src\\Illuminate\\Container\\BoundMethod.php(36): DatabaseSeeder->run()
#9 C:\\Users\\sminth\\biscrem\\Univers Coding\\Projects\\Www\\fondation\\vendor\\laravel\\framework\\src\\Illuminate\\Container\\Util.php(37): Illuminate\\Container\\BoundMethod::Illuminate\\Container\\{closure}()
#10 C:\\Users\\sminth\\biscrem\\Univers Coding\\Projects\\Www\\fondation\\vendor\\laravel\\framework\\src\\Illuminate\\Container\\BoundMethod.php(93): Illuminate\\Container\\Util::unwrapIfClosure(Object(Closure))
#11 C:\\Users\\sminth\\biscrem\\Univers Coding\\Projects\\Www\\fondation\\vendor\\laravel\\framework\\src\\Illuminate\\Container\\BoundMethod.php(37): Illuminate\\Container\\BoundMethod::callBoundMethod(Object(Illuminate\\Foundation\\Application), Array, Object(Closure))
#12 C:\\Users\\sminth\\biscrem\\Univers Coding\\Projects\\Www\\fondation\\vendor\\laravel\\framework\\src\\Illuminate\\Container\\Container.php(596): Illuminate\\Container\\BoundMethod::call(Object(Illuminate\\Foundation\\Application), Array, Array, NULL)
#13 C:\\Users\\sminth\\biscrem\\Univers Coding\\Projects\\Www\\fondation\\vendor\\laravel\\framework\\src\\Illuminate\\Database\\Seeder.php(134): Illuminate\\Container\\Container->call(Array)
#14 C:\\Users\\sminth\\biscrem\\Univers Coding\\Projects\\Www\\fondation\\vendor\\laravel\\framework\\src\\Illuminate\\Database\\Console\\Seeds\\SeedCommand.php(65): Illuminate\\Database\\Seeder->__invoke()
#15 C:\\Users\\sminth\\biscrem\\Univers Coding\\Projects\\Www\\fondation\\vendor\\laravel\\framework\\src\\Illuminate\\Database\\Eloquent\\Concerns\\GuardsAttributes.php(155): Illuminate\\Database\\Console\\Seeds\\SeedCommand->Illuminate\\Database\\Console\\Seeds\\{closure}()
#16 C:\\Users\\sminth\\biscrem\\Univers Coding\\Projects\\Www\\fondation\\vendor\\laravel\\framework\\src\\Illuminate\\Database\\Console\\Seeds\\SeedCommand.php(66): Illuminate\\Database\\Eloquent\\Model::unguarded(Object(Closure))
#17 C:\\Users\\sminth\\biscrem\\Univers Coding\\Projects\\Www\\fondation\\vendor\\laravel\\framework\\src\\Illuminate\\Container\\BoundMethod.php(36): Illuminate\\Database\\Console\\Seeds\\SeedCommand->handle()
#18 C:\\Users\\sminth\\biscrem\\Univers Coding\\Projects\\Www\\fondation\\vendor\\laravel\\framework\\src\\Illuminate\\Container\\Util.php(37): Illuminate\\Container\\BoundMethod::Illuminate\\Container\\{closure}()
#19 C:\\Users\\sminth\\biscrem\\Univers Coding\\Projects\\Www\\fondation\\vendor\\laravel\\framework\\src\\Illuminate\\Container\\BoundMethod.php(93): Illuminate\\Container\\Util::unwrapIfClosure(Object(Closure))
#20 C:\\Users\\sminth\\biscrem\\Univers Coding\\Projects\\Www\\fondation\\vendor\\laravel\\framework\\src\\Illuminate\\Container\\BoundMethod.php(37): Illuminate\\Container\\BoundMethod::callBoundMethod(Object(Illuminate\\Foundation\\Application), Array, Object(Closure))
#21 C:\\Users\\sminth\\biscrem\\Univers Coding\\Projects\\Www\\fondation\\vendor\\laravel\\framework\\src\\Illuminate\\Container\\Container.php(596): Illuminate\\Container\\BoundMethod::call(Object(Illuminate\\Foundation\\Application), Array, Array, NULL)
#22 C:\\Users\\sminth\\biscrem\\Univers Coding\\Projects\\Www\\fondation\\vendor\\laravel\\framework\\src\\Illuminate\\Console\\Command.php(134): Illuminate\\Container\\Container->call(Array)
#23 C:\\Users\\sminth\\biscrem\\Univers Coding\\Projects\\Www\\fondation\\vendor\\symfony\\console\\Command\\Command.php(299): Illuminate\\Console\\Command->execute(Object(Symfony\\Component\\Console\\Input\\ArrayInput), Object(Illuminate\\Console\\OutputStyle))
#24 C:\\Users\\sminth\\biscrem\\Univers Coding\\Projects\\Www\\fondation\\vendor\\laravel\\framework\\src\\Illuminate\\Console\\Command.php(121): Symfony\\Component\\Console\\Command\\Command->run(Object(Symfony\\Component\\Console\\Input\\ArrayInput), Object(Illuminate\\Console\\OutputStyle))
#25 C:\\Users\\sminth\\biscrem\\Univers Coding\\Projects\\Www\\fondation\\vendor\\laravel\\framework\\src\\Illuminate\\Console\\Concerns\\CallsCommands.php(56): Illuminate\\Console\\Command->run(Object(Symfony\\Component\\Console\\Input\\ArrayInput), Object(Illuminate\\Console\\OutputStyle))
#26 C:\\Users\\sminth\\biscrem\\Univers Coding\\Projects\\Www\\fondation\\vendor\\laravel\\framework\\src\\Illuminate\\Console\\Concerns\\CallsCommands.php(28): Illuminate\\Console\\Command->runCommand('db:seed', Array, Object(Illuminate\\Console\\OutputStyle))
#27 C:\\Users\\sminth\\biscrem\\Univers Coding\\Projects\\Www\\fondation\\vendor\\laravel\\framework\\src\\Illuminate\\Database\\Console\\Migrations\\FreshCommand.php(81): Illuminate\\Console\\Command->call('db:seed', Array)
#28 C:\\Users\\sminth\\biscrem\\Univers Coding\\Projects\\Www\\fondation\\vendor\\laravel\\framework\\src\\Illuminate\\Database\\Console\\Migrations\\FreshCommand.php(56): Illuminate\\Database\\Console\\Migrations\\FreshCommand->runSeeder(NULL)
#29 C:\\Users\\sminth\\biscrem\\Univers Coding\\Projects\\Www\\fondation\\vendor\\laravel\\framework\\src\\Illuminate\\Container\\BoundMethod.php(36): Illuminate\\Database\\Console\\Migrations\\FreshCommand->handle()
#30 C:\\Users\\sminth\\biscrem\\Univers Coding\\Projects\\Www\\fondation\\vendor\\laravel\\framework\\src\\Illuminate\\Container\\Util.php(37): Illuminate\\Container\\BoundMethod::Illuminate\\Container\\{closure}()
#31 C:\\Users\\sminth\\biscrem\\Univers Coding\\Projects\\Www\\fondation\\vendor\\laravel\\framework\\src\\Illuminate\\Container\\BoundMethod.php(93): Illuminate\\Container\\Util::unwrapIfClosure(Object(Closure))
#32 C:\\Users\\sminth\\biscrem\\Univers Coding\\Projects\\Www\\fondation\\vendor\\laravel\\framework\\src\\Illuminate\\Container\\BoundMethod.php(37): Illuminate\\Container\\BoundMethod::callBoundMethod(Object(Illuminate\\Foundation\\Application), Array, Object(Closure))
#33 C:\\Users\\sminth\\biscrem\\Univers Coding\\Projects\\Www\\fondation\\vendor\\laravel\\framework\\src\\Illuminate\\Container\\Container.php(596): Illuminate\\Container\\BoundMethod::call(Object(Illuminate\\Foundation\\Application), Array, Array, NULL)
#34 C:\\Users\\sminth\\biscrem\\Univers Coding\\Projects\\Www\\fondation\\vendor\\laravel\\framework\\src\\Illuminate\\Console\\Command.php(134): Illuminate\\Container\\Container->call(Array)
#35 C:\\Users\\sminth\\biscrem\\Univers Coding\\Projects\\Www\\fondation\\vendor\\symfony\\console\\Command\\Command.php(299): Illuminate\\Console\\Command->execute(Object(Symfony\\Component\\Console\\Input\\ArgvInput), Object(Illuminate\\Console\\OutputStyle))
#36 C:\\Users\\sminth\\biscrem\\Univers Coding\\Projects\\Www\\fondation\\vendor\\laravel\\framework\\src\\Illuminate\\Console\\Command.php(121): Symfony\\Component\\Console\\Command\\Command->run(Object(Symfony\\Component\\Console\\Input\\ArgvInput), Object(Illuminate\\Console\\OutputStyle))
#37 C:\\Users\\sminth\\biscrem\\Univers Coding\\Projects\\Www\\fondation\\vendor\\symfony\\console\\Application.php(978): Illuminate\\Console\\Command->run(Object(Symfony\\Component\\Console\\Input\\ArgvInput), Object(Symfony\\Component\\Console\\Output\\ConsoleOutput))
#38 C:\\Users\\sminth\\biscrem\\Univers Coding\\Projects\\Www\\fondation\\vendor\\symfony\\console\\Application.php(295): Symfony\\Component\\Console\\Application->doRunCommand(Object(Illuminate\\Database\\Console\\Migrations\\FreshCommand), Object(Symfony\\Component\\Console\\Input\\ArgvInput), Object(Symfony\\Component\\Console\\Output\\ConsoleOutput))
#39 C:\\Users\\sminth\\biscrem\\Univers Coding\\Projects\\Www\\fondation\\vendor\\symfony\\console\\Application.php(167): Symfony\\Component\\Console\\Application->doRun(Object(Symfony\\Component\\Console\\Input\\ArgvInput), Object(Symfony\\Component\\Console\\Output\\ConsoleOutput))
#40 C:\\Users\\sminth\\biscrem\\Univers Coding\\Projects\\Www\\fondation\\vendor\\laravel\\framework\\src\\Illuminate\\Console\\Application.php(93): Symfony\\Component\\Console\\Application->run(Object(Symfony\\Component\\Console\\Input\\ArgvInput), Object(Symfony\\Component\\Console\\Output\\ConsoleOutput))
#41 C:\\Users\\sminth\\biscrem\\Univers Coding\\Projects\\Www\\fondation\\vendor\\laravel\\framework\\src\\Illuminate\\Foundation\\Console\\Kernel.php(129): Illuminate\\Console\\Application->run(Object(Symfony\\Component\\Console\\Input\\ArgvInput), Object(Symfony\\Component\\Console\\Output\\ConsoleOutput))
#42 C:\\Users\\sminth\\biscrem\\Univers Coding\\Projects\\Www\\fondation\\artisan(37): Illuminate\\Foundation\\Console\\Kernel->handle(Object(Symfony\\Component\\Console\\Input\\ArgvInput), Object(Symfony\\Component\\Console\\Output\\ConsoleOutput))
#43 {main}
"} 
[2021-07-30 20:21:50] local.ERROR: Cannot redeclare getPrice() (previously declared in C:\Users\sminth\biscrem\Univers Coding\Projects\Www\fondation\app\Helpers.php:4) {"exception":"[object] (Symfony\\Component\\ErrorHandler\\Error\\FatalError(code: 0): Cannot redeclare getPrice() (previously declared in C:\\Users\\sminth\\biscrem\\Univers Coding\\Projects\\Www\\fondation\\app\\Helpers.php:4) at C:\\Users\\sminth\\biscrem\\Univers Coding\\Projects\\Www\\fondation\\app\\Helpers.php:4)
[stacktrace]
#0 {main}
"} 
[2021-07-30 20:22:50] local.ERROR: Cannot redeclare getPrice() (previously declared in C:\Users\sminth\biscrem\Univers Coding\Projects\Www\fondation\app\Helpers.php:4) {"exception":"[object] (Symfony\\Component\\ErrorHandler\\Error\\FatalError(code: 0): Cannot redeclare getPrice() (previously declared in C:\\Users\\sminth\\biscrem\\Univers Coding\\Projects\\Www\\fondation\\app\\Helpers.php:4) at C:\\Users\\sminth\\biscrem\\Univers Coding\\Projects\\Www\\fondation\\app\\Helpers.php:4)
[stacktrace]
#0 {main}
"} 
[2021-07-30 20:23:51] local.ERROR: Cannot redeclare getPrice() (previously declared in C:\Users\sminth\biscrem\Univers Coding\Projects\Www\fondation\app\Helpers.php:4) {"exception":"[object] (Symfony\\Component\\ErrorHandler\\Error\\FatalError(code: 0): Cannot redeclare getPrice() (previously declared in C:\\Users\\sminth\\biscrem\\Univers Coding\\Projects\\Www\\fondation\\app\\Helpers.php:4) at C:\\Users\\sminth\\biscrem\\Univers Coding\\Projects\\Www\\fondation\\app\\Helpers.php:4)
[stacktrace]
#0 {main}
"} 
[2021-07-30 20:24:50] local.ERROR: Cannot redeclare getPrice() (previously declared in C:\Users\sminth\biscrem\Univers Coding\Projects\Www\fondation\app\Helpers.php:4) {"exception":"[object] (Symfony\\Component\\ErrorHandler\\Error\\FatalError(code: 0): Cannot redeclare getPrice() (previously declared in C:\\Users\\sminth\\biscrem\\Univers Coding\\Projects\\Www\\fondation\\app\\Helpers.php:4) at C:\\Users\\sminth\\biscrem\\Univers Coding\\Projects\\Www\\fondation\\app\\Helpers.php:4)
[stacktrace]
#0 {main}
"} 
[2021-07-30 20:25:50] local.ERROR: Cannot redeclare getPrice() (previously declared in C:\Users\sminth\biscrem\Univers Coding\Projects\Www\fondation\app\Helpers.php:4) {"exception":"[object] (Symfony\\Component\\ErrorHandler\\Error\\FatalError(code: 0): Cannot redeclare getPrice() (previously declared in C:\\Users\\sminth\\biscrem\\Univers Coding\\Projects\\Www\\fondation\\app\\Helpers.php:4) at C:\\Users\\sminth\\biscrem\\Univers Coding\\Projects\\Www\\fondation\\app\\Helpers.php:4)
[stacktrace]
#0 {main}
"} 
[2021-07-30 20:26:50] local.ERROR: Cannot redeclare getPrice() (previously declared in C:\Users\sminth\biscrem\Univers Coding\Projects\Www\fondation\app\Helpers.php:4) {"exception":"[object] (Symfony\\Component\\ErrorHandler\\Error\\FatalError(code: 0): Cannot redeclare getPrice() (previously declared in C:\\Users\\sminth\\biscrem\\Univers Coding\\Projects\\Www\\fondation\\app\\Helpers.php:4) at C:\\Users\\sminth\\biscrem\\Univers Coding\\Projects\\Www\\fondation\\app\\Helpers.php:4)
[stacktrace]
#0 {main}
"} 
[2021-07-30 20:27:51] local.ERROR: Cannot redeclare getPrice() (previously declared in C:\Users\sminth\biscrem\Univers Coding\Projects\Www\fondation\app\Helpers.php:4) {"exception":"[object] (Symfony\\Component\\ErrorHandler\\Error\\FatalError(code: 0): Cannot redeclare getPrice() (previously declared in C:\\Users\\sminth\\biscrem\\Univers Coding\\Projects\\Www\\fondation\\app\\Helpers.php:4) at C:\\Users\\sminth\\biscrem\\Univers Coding\\Projects\\Www\\fondation\\app\\Helpers.php:4)
[stacktrace]
#0 {main}
"} 
[2021-07-30 20:28:51] local.ERROR: Cannot redeclare getPrice() (previously declared in C:\Users\sminth\biscrem\Univers Coding\Projects\Www\fondation\app\Helpers.php:4) {"exception":"[object] (Symfony\\Component\\ErrorHandler\\Error\\FatalError(code: 0): Cannot redeclare getPrice() (previously declared in C:\\Users\\sminth\\biscrem\\Univers Coding\\Projects\\Www\\fondation\\app\\Helpers.php:4) at C:\\Users\\sminth\\biscrem\\Univers Coding\\Projects\\Www\\fondation\\app\\Helpers.php:4)
[stacktrace]
#0 {main}
"} 
[2021-07-30 20:29:51] local.ERROR: Cannot redeclare getPrice() (previously declared in C:\Users\sminth\biscrem\Univers Coding\Projects\Www\fondation\app\Helpers.php:4) {"exception":"[object] (Symfony\\Component\\ErrorHandler\\Error\\FatalError(code: 0): Cannot redeclare getPrice() (previously declared in C:\\Users\\sminth\\biscrem\\Univers Coding\\Projects\\Www\\fondation\\app\\Helpers.php:4) at C:\\Users\\sminth\\biscrem\\Univers Coding\\Projects\\Www\\fondation\\app\\Helpers.php:4)
[stacktrace]
#0 {main}
"} 
[2021-07-30 20:30:10] local.ERROR: Undefined property: stdClass::$code_souscategorie (View: C:\Users\sminth\biscrem\Univers Coding\Projects\Www\fondation\resources\views\produits\recherche.blade.php) {"exception":"[object] (Facade\\Ignition\\Exceptions\\ViewException(code: 0): Undefined property: stdClass::$code_souscategorie (View: C:\\Users\\sminth\\biscrem\\Univers Coding\\Projects\\Www\\fondation\esources\\views\\produits\echerche.blade.php) at C:\\Users\\sminth\\biscrem\\Univers Coding\\Projects\\Www\\fondation\esources\\views/produits/recherche.blade.php:96)
[stacktrace]
#0 C:\\Users\\sminth\\biscrem\\Univers Coding\\Projects\\Www\\fondation\esources\\views/produits/recherche.blade.php(96): Illuminate\\Foundation\\Bootstrap\\HandleExceptions->handleError(8, 'Undefined prope...', 'C:\\\\Users\\\\sminth...', 82, Array)
#1 C:\\Users\\sminth\\biscrem\\Univers Coding\\Projects\\Www\\fondation\\vendor\\laravel\\framework\\src\\Illuminate\\View\\Engines\\PhpEngine.php(41): include('C:\\\\Users\\\\sminth...')
#2 C:\\Users\\sminth\\biscrem\\Univers Coding\\Projects\\Www\\fondation\\vendor\\laravel\\framework\\src\\Illuminate\\View\\Engines\\CompilerEngine.php(57): Illuminate\\View\\Engines\\PhpEngine->evaluatePath('C:\\\\Users\\\\sminth...', Array)
#3 C:\\Users\\sminth\\biscrem\\Univers Coding\\Projects\\Www\\fondation\\vendor\\facade\\ignition\\src\\Views\\Engines\\CompilerEngine.php(37): Illuminate\\View\\Engines\\CompilerEngine->get('C:\\\\Users\\\\sminth...', Array)
#4 C:\\Users\\sminth\\biscrem\\Univers Coding\\Projects\\Www\\fondation\\vendor\\laravel\\framework\\src\\Illuminate\\View\\View.php(139): Facade\\Ignition\\Views\\Engines\\CompilerEngine->get('C:\\\\Users\\\\sminth...', Array)
#5 C:\\Users\\sminth\\biscrem\\Univers Coding\\Projects\\Www\\fondation\\vendor\\laravel\\framework\\src\\Illuminate\\View\\View.php(122): Illuminate\\View\\View->getContents()
#6 C:\\Users\\sminth\\biscrem\\Univers Coding\\Projects\\Www\\fondation\\vendor\\laravel\\framework\\src\\Illuminate\\View\\View.php(91): Illuminate\\View\\View->renderContents()
#7 C:\\Users\\sminth\\biscrem\\Univers Coding\\Projects\\Www\\fondation\\vendor\\laravel\\framework\\src\\Illuminate\\Http\\Response.php(62): Illuminate\\View\\View->render()
#8 C:\\Users\\sminth\\biscrem\\Univers Coding\\Projects\\Www\\fondation\\vendor\\laravel\\framework\\src\\Illuminate\\Http\\Response.php(34): Illuminate\\Http\\Response->setContent(Object(Illuminate\\View\\View))
#9 C:\\Users\\sminth\\biscrem\\Univers Coding\\Projects\\Www\\fondation\\vendor\\laravel\\framework\\src\\Illuminate\\Routing\\Router.php(759): Illuminate\\Http\\Response->__construct(Object(Illuminate\\View\\View), 200, Array)
#10 C:\\Users\\sminth\\biscrem\\Univers Coding\\Projects\\Www\\fondation\\vendor\\laravel\\framework\\src\\Illuminate\\Routing\\Router.php(731): Illuminate\\Routing\\Router::toResponse(Object(Illuminate\\Http\\Request), Object(Illuminate\\View\\View))
#11 C:\\Users\\sminth\\biscrem\\Univers Coding\\Projects\\Www\\fondation\\vendor\\laravel\\framework\\src\\Illuminate\\Routing\\Router.php(685): Illuminate\\Routing\\Router->prepareResponse(Object(Illuminate\\Http\\Request), Object(Illuminate\\View\\View))
#12 C:\\Users\\sminth\\biscrem\\Univers Coding\\Projects\\Www\\fondation\\vendor\\laravel\\framework\\src\\Illuminate\\Pipeline\\Pipeline.php(128): Illuminate\\Routing\\Router->Illuminate\\Routing\\{closure}(Object(Illuminate\\Http\\Request))
#13 C:\\Users\\sminth\\biscrem\\Univers Coding\\Projects\\Www\\fondation\\app\\Http\\Middleware\\Localization.php(22): Illuminate\\Pipeline\\Pipeline->Illuminate\\Pipeline\\{closure}(Object(Illuminate\\Http\\Request))
#14 C:\\Users\\sminth\\biscrem\\Univers Coding\\Projects\\Www\\fondation\\vendor\\laravel\\framework\\src\\Illuminate\\Pipeline\\Pipeline.php(167): App\\Http\\Middleware\\Localization->handle(Object(Illuminate\\Http\\Request), Object(Closure))
#15 C:\\Users\\sminth\\biscrem\\Univers Coding\\Projects\\Www\\fondation\\vendor\\laravel\\framework\\src\\Illuminate\\Routing\\Middleware\\SubstituteBindings.php(41): Illuminate\\Pipeline\\Pipeline->Illuminate\\Pipeline\\{closure}(Object(Illuminate\\Http\\Request))
#16 C:\\Users\\sminth\\biscrem\\Univers Coding\\Projects\\Www\\fondation\\vendor\\laravel\\framework\\src\\Illuminate\\Pipeline\\Pipeline.php(167): Illuminate\\Routing\\Middleware\\SubstituteBindings->handle(Object(Illuminate\\Http\\Request), Object(Closure))
#17 C:\\Users\\sminth\\biscrem\\Univers Coding\\Projects\\Www\\fondation\\vendor\\laravel\\framework\\src\\Illuminate\\Foundation\\Http\\Middleware\\VerifyCsrfToken.php(78): Illuminate\\Pipeline\\Pipeline->Illuminate\\Pipeline\\{closure}(Object(Illuminate\\Http\\Request))
#18 C:\\Users\\sminth\\biscrem\\Univers Coding\\Projects\\Www\\fondation\\vendor\\laravel\\framework\\src\\Illuminate\\Pipeline\\Pipeline.php(167): Illuminate\\Foundation\\Http\\Middleware\\VerifyCsrfToken->handle(Object(Illuminate\\Http\\Request), Object(Closure))
#19 C:\\Users\\sminth\\biscrem\\Univers Coding\\Projects\\Www\\fondation\\vendor\\laravel\\framework\\src\\Illuminate\\View\\Middleware\\ShareErrorsFromSession.php(49): Illuminate\\Pipeline\\Pipeline->Illuminate\\Pipeline\\{closure}(Object(Illuminate\\Http\\Request))
#20 C:\\Users\\sminth\\biscrem\\Univers Coding\\Projects\\Www\\fondation\\vendor\\laravel\\framework\\src\\Illuminate\\Pipeline\\Pipeline.php(167): Illuminate\\View\\Middleware\\ShareErrorsFromSession->handle(Object(Illuminate\\Http\\Request), Object(Closure))
#21 C:\\Users\\sminth\\biscrem\\Univers Coding\\Projects\\Www\\fondation\\vendor\\laravel\\framework\\src\\Illuminate\\Session\\Middleware\\StartSession.php(116): Illuminate\\Pipeline\\Pipeline->Illuminate\\Pipeline\\{closure}(Object(Illuminate\\Http\\Request))
#22 C:\\Users\\sminth\\biscrem\\Univers Coding\\Projects\\Www\\fondation\\vendor\\laravel\\framework\\src\\Illuminate\\Session\\Middleware\\StartSession.php(62): Illuminate\\Session\\Middleware\\StartSession->handleStatefulRequest(Object(Illuminate\\Http\\Request), Object(Illuminate\\Session\\Store), Object(Closure))
#23 C:\\Users\\sminth\\biscrem\\Univers Coding\\Projects\\Www\\fondation\\vendor\\laravel\\framework\\src\\Illuminate\\Pipeline\\Pipeline.php(167): Illuminate\\Session\\Middleware\\StartSession->handle(Object(Illuminate\\Http\\Request), Object(Closure))
#24 C:\\Users\\sminth\\biscrem\\Univers Coding\\Projects\\Www\\fondation\\vendor\\laravel\\framework\\src\\Illuminate\\Cookie\\Middleware\\AddQueuedCookiesToResponse.php(37): Illuminate\\Pipeline\\Pipeline->Illuminate\\Pipeline\\{closure}(Object(Illuminate\\Http\\Request))
#25 C:\\Users\\sminth\\biscrem\\Univers Coding\\Projects\\Www\\fondation\\vendor\\laravel\\framework\\src\\Illuminate\\Pipeline\\Pipeline.php(167): Illuminate\\Cookie\\Middleware\\AddQueuedCookiesToResponse->handle(Object(Illuminate\\Http\\Request), Object(Closure))
#26 C:\\Users\\sminth\\biscrem\\Univers Coding\\Projects\\Www\\fondation\\vendor\\laravel\\framework\\src\\Illuminate\\Cookie\\Middleware\\EncryptCookies.php(67): Illuminate\\Pipeline\\Pipeline->Illuminate\\Pipeline\\{closure}(Object(Illuminate\\Http\\Request))
#27 C:\\Users\\sminth\\biscrem\\Univers Coding\\Projects\\Www\\fondation\\vendor\\laravel\\framework\\src\\Illuminate\\Pipeline\\Pipeline.php(167): Illuminate\\Cookie\\Middleware\\EncryptCookies->handle(Object(Illuminate\\Http\\Request), Object(Closure))
#28 C:\\Users\\sminth\\biscrem\\Univers Coding\\Projects\\Www\\fondation\\vendor\\laravel\\framework\\src\\Illuminate\\Pipeline\\Pipeline.php(103): Illuminate\\Pipeline\\Pipeline->Illuminate\\Pipeline\\{closure}(Object(Illuminate\\Http\\Request))
#29 C:\\Users\\sminth\\biscrem\\Univers Coding\\Projects\\Www\\fondation\\vendor\\laravel\\framework\\src\\Illuminate\\Routing\\Router.php(687): Illuminate\\Pipeline\\Pipeline->then(Object(Closure))
#30 C:\\Users\\sminth\\biscrem\\Univers Coding\\Projects\\Www\\fondation\\vendor\\laravel\\framework\\src\\Illuminate\\Routing\\Router.php(662): Illuminate\\Routing\\Router->runRouteWithinStack(Object(Illuminate\\Routing\\Route), Object(Illuminate\\Http\\Request))
#31 C:\\Users\\sminth\\biscrem\\Univers Coding\\Projects\\Www\\fondation\\vendor\\laravel\\framework\\src\\Illuminate\\Routing\\Router.php(628): Illuminate\\Routing\\Router->runRoute(Object(Illuminate\\Http\\Request), Object(Illuminate\\Routing\\Route))
#32 C:\\Users\\sminth\\biscrem\\Univers Coding\\Projects\\Www\\fondation\\vendor\\laravel\\framework\\src\\Illuminate\\Routing\\Router.php(617): Illuminate\\Routing\\Router->dispatchToRoute(Object(Illuminate\\Http\\Request))
#33 C:\\Users\\sminth\\biscrem\\Univers Coding\\Projects\\Www\\fondation\\vendor\\laravel\\framework\\src\\Illuminate\\Foundation\\Http\\Kernel.php(165): Illuminate\\Routing\\Router->dispatch(Object(Illuminate\\Http\\Request))
#34 C:\\Users\\sminth\\biscrem\\Univers Coding\\Projects\\Www\\fondation\\vendor\\laravel\\framework\\src\\Illuminate\\Pipeline\\Pipeline.php(128): Illuminate\\Foundation\\Http\\Kernel->Illuminate\\Foundation\\Http\\{closure}(Object(Illuminate\\Http\\Request))
#35 C:\\Users\\sminth\\biscrem\\Univers Coding\\Projects\\Www\\fondation\\vendor\\laravel\\framework\\src\\Illuminate\\Foundation\\Http\\Middleware\\TransformsRequest.php(21): Illuminate\\Pipeline\\Pipeline->Illuminate\\Pipeline\\{closure}(Object(Illuminate\\Http\\Request))
#36 C:\\Users\\sminth\\biscrem\\Univers Coding\\Projects\\Www\\fondation\\vendor\\laravel\\framework\\src\\Illuminate\\Pipeline\\Pipeline.php(167): Illuminate\\Foundation\\Http\\Middleware\\TransformsRequest->handle(Object(Illuminate\\Http\\Request), Object(Closure))
#37 C:\\Users\\sminth\\biscrem\\Univers Coding\\Projects\\Www\\fondation\\vendor\\laravel\\framework\\src\\Illuminate\\Foundation\\Http\\Middleware\\TransformsRequest.php(21): Illuminate\\Pipeline\\Pipeline->Illuminate\\Pipeline\\{closure}(Object(Illuminate\\Http\\Request))
#38 C:\\Users\\sminth\\biscrem\\Univers Coding\\Projects\\Www\\fondation\\vendor\\laravel\\framework\\src\\Illuminate\\Pipeline\\Pipeline.php(167): Illuminate\\Foundation\\Http\\Middleware\\TransformsRequest->handle(Object(Illuminate\\Http\\Request), Object(Closure))
#39 C:\\Users\\sminth\\biscrem\\Univers Coding\\Projects\\Www\\fondation\\vendor\\laravel\\framework\\src\\Illuminate\\Foundation\\Http\\Middleware\\ValidatePostSize.php(27): Illuminate\\Pipeline\\Pipeline->Illuminate\\Pipeline\\{closure}(Object(Illuminate\\Http\\Request))
#40 C:\\Users\\sminth\\biscrem\\Univers Coding\\Projects\\Www\\fondation\\vendor\\laravel\\framework\\src\\Illuminate\\Pipeline\\Pipeline.php(167): Illuminate\\Foundation\\Http\\Middleware\\ValidatePostSize->handle(Object(Illuminate\\Http\\Request), Object(Closure))
#41 C:\\Users\\sminth\\biscrem\\Univers Coding\\Projects\\Www\\fondation\\vendor\\laravel\\framework\\src\\Illuminate\\Foundation\\Http\\Middleware\\CheckForMaintenanceMode.php(63): Illuminate\\Pipeline\\Pipeline->Illuminate\\Pipeline\\{closure}(Object(Illuminate\\Http\\Request))
#42 C:\\Users\\sminth\\biscrem\\Univers Coding\\Projects\\Www\\fondation\\vendor\\laravel\\framework\\src\\Illuminate\\Pipeline\\Pipeline.php(167): Illuminate\\Foundation\\Http\\Middleware\\CheckForMaintenanceMode->handle(Object(Illuminate\\Http\\Request), Object(Closure))
#43 C:\\Users\\sminth\\biscrem\\Univers Coding\\Projects\\Www\\fondation\\vendor\\fruitcake\\laravel-cors\\src\\HandleCors.php(38): Illuminate\\Pipeline\\Pipeline->Illuminate\\Pipeline\\{closure}(Object(Illuminate\\Http\\Request))
#44 C:\\Users\\sminth\\biscrem\\Univers Coding\\Projects\\Www\\fondation\\vendor\\laravel\\framework\\src\\Illuminate\\Pipeline\\Pipeline.php(167): Fruitcake\\Cors\\HandleCors->handle(Object(Illuminate\\Http\\Request), Object(Closure))
#45 C:\\Users\\sminth\\biscrem\\Univers Coding\\Projects\\Www\\fondation\\vendor\\fideloper\\proxy\\src\\TrustProxies.php(57): Illuminate\\Pipeline\\Pipeline->Illuminate\\Pipeline\\{closure}(Object(Illuminate\\Http\\Request))
#46 C:\\Users\\sminth\\biscrem\\Univers Coding\\Projects\\Www\\fondation\\vendor\\laravel\\framework\\src\\Illuminate\\Pipeline\\Pipeline.php(167): Fideloper\\Proxy\\TrustProxies->handle(Object(Illuminate\\Http\\Request), Object(Closure))
#47 C:\\Users\\sminth\\biscrem\\Univers Coding\\Projects\\Www\\fondation\\vendor\\laravel\\framework\\src\\Illuminate\\Pipeline\\Pipeline.php(103): Illuminate\\Pipeline\\Pipeline->Illuminate\\Pipeline\\{closure}(Object(Illuminate\\Http\\Request))
#48 C:\\Users\\sminth\\biscrem\\Univers Coding\\Projects\\Www\\fondation\\vendor\\laravel\\framework\\src\\Illuminate\\Foundation\\Http\\Kernel.php(140): Illuminate\\Pipeline\\Pipeline->then(Object(Closure))
#49 C:\\Users\\sminth\\biscrem\\Univers Coding\\Projects\\Www\\fondation\\vendor\\laravel\\framework\\src\\Illuminate\\Foundation\\Http\\Kernel.php(109): Illuminate\\Foundation\\Http\\Kernel->sendRequestThroughRouter(Object(Illuminate\\Http\\Request))
#50 C:\\Users\\sminth\\biscrem\\Univers Coding\\Projects\\Www\\fondation\\public\\index.php(55): Illuminate\\Foundation\\Http\\Kernel->handle(Object(Illuminate\\Http\\Request))
#51 {main}

[previous exception] [object] (ErrorException(code: 0): Undefined property: stdClass::$code_souscategorie at C:\\Users\\sminth\\biscrem\\Univers Coding\\Projects\\Www\\fondation\\storage\\framework\\views\\75ee3e5feb2c4df07c0c8b7fad79d1cf6af03696.php:82)
[stacktrace]
#0 C:\\Users\\sminth\\biscrem\\Univers Coding\\Projects\\Www\\fondation\\storage\\framework\\views\\75ee3e5feb2c4df07c0c8b7fad79d1cf6af03696.php(82): Illuminate\\Foundation\\Bootstrap\\HandleExceptions->handleError(8, 'Undefined prope...', 'C:\\\\Users\\\\sminth...', 82, Array)
#1 C:\\Users\\sminth\\biscrem\\Univers Coding\\Projects\\Www\\fondation\\vendor\\laravel\\framework\\src\\Illuminate\\View\\Engines\\PhpEngine.php(41): include('C:\\\\Users\\\\sminth...')
#2 C:\\Users\\sminth\\biscrem\\Univers Coding\\Projects\\Www\\fondation\\vendor\\laravel\\framework\\src\\Illuminate\\View\\Engines\\CompilerEngine.php(57): Illuminate\\View\\Engines\\PhpEngine->evaluatePath('C:\\\\Users\\\\sminth...', Array)
#3 C:\\Users\\sminth\\biscrem\\Univers Coding\\Projects\\Www\\fondation\\vendor\\facade\\ignition\\src\\Views\\Engines\\CompilerEngine.php(37): Illuminate\\View\\Engines\\CompilerEngine->get('C:\\\\Users\\\\sminth...', Array)
#4 C:\\Users\\sminth\\biscrem\\Univers Coding\\Projects\\Www\\fondation\\vendor\\laravel\\framework\\src\\Illuminate\\View\\View.php(139): Facade\\Ignition\\Views\\Engines\\CompilerEngine->get('C:\\\\Users\\\\sminth...', Array)
#5 C:\\Users\\sminth\\biscrem\\Univers Coding\\Projects\\Www\\fondation\\vendor\\laravel\\framework\\src\\Illuminate\\View\\View.php(122): Illuminate\\View\\View->getContents()
#6 C:\\Users\\sminth\\biscrem\\Univers Coding\\Projects\\Www\\fondation\\vendor\\laravel\\framework\\src\\Illuminate\\View\\View.php(91): Illuminate\\View\\View->renderContents()
#7 C:\\Users\\sminth\\biscrem\\Univers Coding\\Projects\\Www\\fondation\\vendor\\laravel\\framework\\src\\Illuminate\\Http\\Response.php(62): Illuminate\\View\\View->render()
#8 C:\\Users\\sminth\\biscrem\\Univers Coding\\Projects\\Www\\fondation\\vendor\\laravel\\framework\\src\\Illuminate\\Http\\Response.php(34): Illuminate\\Http\\Response->setContent(Object(Illuminate\\View\\View))
#9 C:\\Users\\sminth\\biscrem\\Univers Coding\\Projects\\Www\\fondation\\vendor\\laravel\\framework\\src\\Illuminate\\Routing\\Router.php(759): Illuminate\\Http\\Response->__construct(Object(Illuminate\\View\\View), 200, Array)
#10 C:\\Users\\sminth\\biscrem\\Univers Coding\\Projects\\Www\\fondation\\vendor\\laravel\\framework\\src\\Illuminate\\Routing\\Router.php(731): Illuminate\\Routing\\Router::toResponse(Object(Illuminate\\Http\\Request), Object(Illuminate\\View\\View))
#11 C:\\Users\\sminth\\biscrem\\Univers Coding\\Projects\\Www\\fondation\\vendor\\laravel\\framework\\src\\Illuminate\\Routing\\Router.php(685): Illuminate\\Routing\\Router->prepareResponse(Object(Illuminate\\Http\\Request), Object(Illuminate\\View\\View))
#12 C:\\Users\\sminth\\biscrem\\Univers Coding\\Projects\\Www\\fondation\\vendor\\laravel\\framework\\src\\Illuminate\\Pipeline\\Pipeline.php(128): Illuminate\\Routing\\Router->Illuminate\\Routing\\{closure}(Object(Illuminate\\Http\\Request))
#13 C:\\Users\\sminth\\biscrem\\Univers Coding\\Projects\\Www\\fondation\\app\\Http\\Middleware\\Localization.php(22): Illuminate\\Pipeline\\Pipeline->Illuminate\\Pipeline\\{closure}(Object(Illuminate\\Http\\Request))
#14 C:\\Users\\sminth\\biscrem\\Univers Coding\\Projects\\Www\\fondation\\vendor\\laravel\\framework\\src\\Illuminate\\Pipeline\\Pipeline.php(167): App\\Http\\Middleware\\Localization->handle(Object(Illuminate\\Http\\Request), Object(Closure))
#15 C:\\Users\\sminth\\biscrem\\Univers Coding\\Projects\\Www\\fondation\\vendor\\laravel\\framework\\src\\Illuminate\\Routing\\Middleware\\SubstituteBindings.php(41): Illuminate\\Pipeline\\Pipeline->Illuminate\\Pipeline\\{closure}(Object(Illuminate\\Http\\Request))
#16 C:\\Users\\sminth\\biscrem\\Univers Coding\\Projects\\Www\\fondation\\vendor\\laravel\\framework\\src\\Illuminate\\Pipeline\\Pipeline.php(167): Illuminate\\Routing\\Middleware\\SubstituteBindings->handle(Object(Illuminate\\Http\\Request), Object(Closure))
#17 C:\\Users\\sminth\\biscrem\\Univers Coding\\Projects\\Www\\fondation\\vendor\\laravel\\framework\\src\\Illuminate\\Foundation\\Http\\Middleware\\VerifyCsrfToken.php(78): Illuminate\\Pipeline\\Pipeline->Illuminate\\Pipeline\\{closure}(Object(Illuminate\\Http\\Request))
#18 C:\\Users\\sminth\\biscrem\\Univers Coding\\Projects\\Www\\fondation\\vendor\\laravel\\framework\\src\\Illuminate\\Pipeline\\Pipeline.php(167): Illuminate\\Foundation\\Http\\Middleware\\VerifyCsrfToken->handle(Object(Illuminate\\Http\\Request), Object(Closure))
#19 C:\\Users\\sminth\\biscrem\\Univers Coding\\Projects\\Www\\fondation\\vendor\\laravel\\framework\\src\\Illuminate\\View\\Middleware\\ShareErrorsFromSession.php(49): Illuminate\\Pipeline\\Pipeline->Illuminate\\Pipeline\\{closure}(Object(Illuminate\\Http\\Request))
#20 C:\\Users\\sminth\\biscrem\\Univers Coding\\Projects\\Www\\fondation\\vendor\\laravel\\framework\\src\\Illuminate\\Pipeline\\Pipeline.php(167): Illuminate\\View\\Middleware\\ShareErrorsFromSession->handle(Object(Illuminate\\Http\\Request), Object(Closure))
#21 C:\\Users\\sminth\\biscrem\\Univers Coding\\Projects\\Www\\fondation\\vendor\\laravel\\framework\\src\\Illuminate\\Session\\Middleware\\StartSession.php(116): Illuminate\\Pipeline\\Pipeline->Illuminate\\Pipeline\\{closure}(Object(Illuminate\\Http\\Request))
#22 C:\\Users\\sminth\\biscrem\\Univers Coding\\Projects\\Www\\fondation\\vendor\\laravel\\framework\\src\\Illuminate\\Session\\Middleware\\StartSession.php(62): Illuminate\\Session\\Middleware\\StartSession->handleStatefulRequest(Object(Illuminate\\Http\\Request), Object(Illuminate\\Session\\Store), Object(Closure))
#23 C:\\Users\\sminth\\biscrem\\Univers Coding\\Projects\\Www\\fondation\\vendor\\laravel\\framework\\src\\Illuminate\\Pipeline\\Pipeline.php(167): Illuminate\\Session\\Middleware\\StartSession->handle(Object(Illuminate\\Http\\Request), Object(Closure))
#24 C:\\Users\\sminth\\biscrem\\Univers Coding\\Projects\\Www\\fondation\\vendor\\laravel\\framework\\src\\Illuminate\\Cookie\\Middleware\\AddQueuedCookiesToResponse.php(37): Illuminate\\Pipeline\\Pipeline->Illuminate\\Pipeline\\{closure}(Object(Illuminate\\Http\\Request))
#25 C:\\Users\\sminth\\biscrem\\Univers Coding\\Projects\\Www\\fondation\\vendor\\laravel\\framework\\src\\Illuminate\\Pipeline\\Pipeline.php(167): Illuminate\\Cookie\\Middleware\\AddQueuedCookiesToResponse->handle(Object(Illuminate\\Http\\Request), Object(Closure))
#26 C:\\Users\\sminth\\biscrem\\Univers Coding\\Projects\\Www\\fondation\\vendor\\laravel\\framework\\src\\Illuminate\\Cookie\\Middleware\\EncryptCookies.php(67): Illuminate\\Pipeline\\Pipeline->Illuminate\\Pipeline\\{closure}(Object(Illuminate\\Http\\Request))
#27 C:\\Users\\sminth\\biscrem\\Univers Coding\\Projects\\Www\\fondation\\vendor\\laravel\\framework\\src\\Illuminate\\Pipeline\\Pipeline.php(167): Illuminate\\Cookie\\Middleware\\EncryptCookies->handle(Object(Illuminate\\Http\\Request), Object(Closure))
#28 C:\\Users\\sminth\\biscrem\\Univers Coding\\Projects\\Www\\fondation\\vendor\\laravel\\framework\\src\\Illuminate\\Pipeline\\Pipeline.php(103): Illuminate\\Pipeline\\Pipeline->Illuminate\\Pipeline\\{closure}(Object(Illuminate\\Http\\Request))
#29 C:\\Users\\sminth\\biscrem\\Univers Coding\\Projects\\Www\\fondation\\vendor\\laravel\\framework\\src\\Illuminate\\Routing\\Router.php(687): Illuminate\\Pipeline\\Pipeline->then(Object(Closure))
#30 C:\\Users\\sminth\\biscrem\\Univers Coding\\Projects\\Www\\fondation\\vendor\\laravel\\framework\\src\\Illuminate\\Routing\\Router.php(662): Illuminate\\Routing\\Router->runRouteWithinStack(Object(Illuminate\\Routing\\Route), Object(Illuminate\\Http\\Request))
#31 C:\\Users\\sminth\\biscrem\\Univers Coding\\Projects\\Www\\fondation\\vendor\\laravel\\framework\\src\\Illuminate\\Routing\\Router.php(628): Illuminate\\Routing\\Router->runRoute(Object(Illuminate\\Http\\Request), Object(Illuminate\\Routing\\Route))
#32 C:\\Users\\sminth\\biscrem\\Univers Coding\\Projects\\Www\\fondation\\vendor\\laravel\\framework\\src\\Illuminate\\Routing\\Router.php(617): Illuminate\\Routing\\Router->dispatchToRoute(Object(Illuminate\\Http\\Request))
#33 C:\\Users\\sminth\\biscrem\\Univers Coding\\Projects\\Www\\fondation\\vendor\\laravel\\framework\\src\\Illuminate\\Foundation\\Http\\Kernel.php(165): Illuminate\\Routing\\Router->dispatch(Object(Illuminate\\Http\\Request))
#34 C:\\Users\\sminth\\biscrem\\Univers Coding\\Projects\\Www\\fondation\\vendor\\laravel\\framework\\src\\Illuminate\\Pipeline\\Pipeline.php(128): Illuminate\\Foundation\\Http\\Kernel->Illuminate\\Foundation\\Http\\{closure}(Object(Illuminate\\Http\\Request))
#35 C:\\Users\\sminth\\biscrem\\Univers Coding\\Projects\\Www\\fondation\\vendor\\laravel\\framework\\src\\Illuminate\\Foundation\\Http\\Middleware\\TransformsRequest.php(21): Illuminate\\Pipeline\\Pipeline->Illuminate\\Pipeline\\{closure}(Object(Illuminate\\Http\\Request))
#36 C:\\Users\\sminth\\biscrem\\Univers Coding\\Projects\\Www\\fondation\\vendor\\laravel\\framework\\src\\Illuminate\\Pipeline\\Pipeline.php(167): Illuminate\\Foundation\\Http\\Middleware\\TransformsRequest->handle(Object(Illuminate\\Http\\Request), Object(Closure))
#37 C:\\Users\\sminth\\biscrem\\Univers Coding\\Projects\\Www\\fondation\\vendor\\laravel\\framework\\src\\Illuminate\\Foundation\\Http\\Middleware\\TransformsRequest.php(21): Illuminate\\Pipeline\\Pipeline->Illuminate\\Pipeline\\{closure}(Object(Illuminate\\Http\\Request))
#38 C:\\Users\\sminth\\biscrem\\Univers Coding\\Projects\\Www\\fondation\\vendor\\laravel\\framework\\src\\Illuminate\\Pipeline\\Pipeline.php(167): Illuminate\\Foundation\\Http\\Middleware\\TransformsRequest->handle(Object(Illuminate\\Http\\Request), Object(Closure))
#39 C:\\Users\\sminth\\biscrem\\Univers Coding\\Projects\\Www\\fondation\\vendor\\laravel\\framework\\src\\Illuminate\\Foundation\\Http\\Middleware\\ValidatePostSize.php(27): Illuminate\\Pipeline\\Pipeline->Illuminate\\Pipeline\\{closure}(Object(Illuminate\\Http\\Request))
#40 C:\\Users\\sminth\\biscrem\\Univers Coding\\Projects\\Www\\fondation\\vendor\\laravel\\framework\\src\\Illuminate\\Pipeline\\Pipeline.php(167): Illuminate\\Foundation\\Http\\Middleware\\ValidatePostSize->handle(Object(Illuminate\\Http\\Request), Object(Closure))
#41 C:\\Users\\sminth\\biscrem\\Univers Coding\\Projects\\Www\\fondation\\vendor\\laravel\\framework\\src\\Illuminate\\Foundation\\Http\\Middleware\\CheckForMaintenanceMode.php(63): Illuminate\\Pipeline\\Pipeline->Illuminate\\Pipeline\\{closure}(Object(Illuminate\\Http\\Request))
#42 C:\\Users\\sminth\\biscrem\\Univers Coding\\Projects\\Www\\fondation\\vendor\\laravel\\framework\\src\\Illuminate\\Pipeline\\Pipeline.php(167): Illuminate\\Foundation\\Http\\Middleware\\CheckForMaintenanceMode->handle(Object(Illuminate\\Http\\Request), Object(Closure))
#43 C:\\Users\\sminth\\biscrem\\Univers Coding\\Projects\\Www\\fondation\\vendor\\fruitcake\\laravel-cors\\src\\HandleCors.php(38): Illuminate\\Pipeline\\Pipeline->Illuminate\\Pipeline\\{closure}(Object(Illuminate\\Http\\Request))
#44 C:\\Users\\sminth\\biscrem\\Univers Coding\\Projects\\Www\\fondation\\vendor\\laravel\\framework\\src\\Illuminate\\Pipeline\\Pipeline.php(167): Fruitcake\\Cors\\HandleCors->handle(Object(Illuminate\\Http\\Request), Object(Closure))
#45 C:\\Users\\sminth\\biscrem\\Univers Coding\\Projects\\Www\\fondation\\vendor\\fideloper\\proxy\\src\\TrustProxies.php(57): Illuminate\\Pipeline\\Pipeline->Illuminate\\Pipeline\\{closure}(Object(Illuminate\\Http\\Request))
#46 C:\\Users\\sminth\\biscrem\\Univers Coding\\Projects\\Www\\fondation\\vendor\\laravel\\framework\\src\\Illuminate\\Pipeline\\Pipeline.php(167): Fideloper\\Proxy\\TrustProxies->handle(Object(Illuminate\\Http\\Request), Object(Closure))
#47 C:\\Users\\sminth\\biscrem\\Univers Coding\\Projects\\Www\\fondation\\vendor\\laravel\\framework\\src\\Illuminate\\Pipeline\\Pipeline.php(103): Illuminate\\Pipeline\\Pipeline->Illuminate\\Pipeline\\{closure}(Object(Illuminate\\Http\\Request))
#48 C:\\Users\\sminth\\biscrem\\Univers Coding\\Projects\\Www\\fondation\\vendor\\laravel\\framework\\src\\Illuminate\\Foundation\\Http\\Kernel.php(140): Illuminate\\Pipeline\\Pipeline->then(Object(Closure))
#49 C:\\Users\\sminth\\biscrem\\Univers Coding\\Projects\\Www\\fondation\\vendor\\laravel\\framework\\src\\Illuminate\\Foundation\\Http\\Kernel.php(109): Illuminate\\Foundation\\Http\\Kernel->sendRequestThroughRouter(Object(Illuminate\\Http\\Request))
#50 C:\\Users\\sminth\\biscrem\\Univers Coding\\Projects\\Www\\fondation\\public\\index.php(55): Illuminate\\Foundation\\Http\\Kernel->handle(Object(Illuminate\\Http\\Request))
#51 {main}
"} 
[2021-07-30 20:30:50] local.ERROR: Cannot redeclare getPrice() (previously declared in C:\Users\sminth\biscrem\Univers Coding\Projects\Www\fondation\app\Helpers.php:4) {"exception":"[object] (Symfony\\Component\\ErrorHandler\\Error\\FatalError(code: 0): Cannot redeclare getPrice() (previously declared in C:\\Users\\sminth\\biscrem\\Univers Coding\\Projects\\Www\\fondation\\app\\Helpers.php:4) at C:\\Users\\sminth\\biscrem\\Univers Coding\\Projects\\Www\\fondation\\app\\Helpers.php:4)
[stacktrace]
#0 {main}
"} 
[2021-07-30 20:31:51] local.ERROR: Cannot redeclare getPrice() (previously declared in C:\Users\sminth\biscrem\Univers Coding\Projects\Www\fondation\app\Helpers.php:4) {"exception":"[object] (Symfony\\Component\\ErrorHandler\\Error\\FatalError(code: 0): Cannot redeclare getPrice() (previously declared in C:\\Users\\sminth\\biscrem\\Univers Coding\\Projects\\Www\\fondation\\app\\Helpers.php:4) at C:\\Users\\sminth\\biscrem\\Univers Coding\\Projects\\Www\\fondation\\app\\Helpers.php:4)
[stacktrace]
#0 {main}
"} 
[2021-07-30 20:32:50] local.ERROR: Cannot redeclare getPrice() (previously declared in C:\Users\sminth\biscrem\Univers Coding\Projects\Www\fondation\app\Helpers.php:4) {"exception":"[object] (Symfony\\Component\\ErrorHandler\\Error\\FatalError(code: 0): Cannot redeclare getPrice() (previously declared in C:\\Users\\sminth\\biscrem\\Univers Coding\\Projects\\Www\\fondation\\app\\Helpers.php:4) at C:\\Users\\sminth\\biscrem\\Univers Coding\\Projects\\Www\\fondation\\app\\Helpers.php:4)
[stacktrace]
#0 {main}
"} 
[2021-07-30 20:33:51] local.ERROR: Cannot redeclare getPrice() (previously declared in C:\Users\sminth\biscrem\Univers Coding\Projects\Www\fondation\app\Helpers.php:4) {"exception":"[object] (Symfony\\Component\\ErrorHandler\\Error\\FatalError(code: 0): Cannot redeclare getPrice() (previously declared in C:\\Users\\sminth\\biscrem\\Univers Coding\\Projects\\Www\\fondation\\app\\Helpers.php:4) at C:\\Users\\sminth\\biscrem\\Univers Coding\\Projects\\Www\\fondation\\app\\Helpers.php:4)
[stacktrace]
#0 {main}
"} 
[2021-07-30 20:34:50] local.ERROR: Cannot redeclare getPrice() (previously declared in C:\Users\sminth\biscrem\Univers Coding\Projects\Www\fondation\app\Helpers.php:4) {"exception":"[object] (Symfony\\Component\\ErrorHandler\\Error\\FatalError(code: 0): Cannot redeclare getPrice() (previously declared in C:\\Users\\sminth\\biscrem\\Univers Coding\\Projects\\Www\\fondation\\app\\Helpers.php:4) at C:\\Users\\sminth\\biscrem\\Univers Coding\\Projects\\Www\\fondation\\app\\Helpers.php:4)
[stacktrace]
#0 {main}
"} 
[2021-07-30 20:35:57] local.ERROR: Cannot redeclare getPrice() (previously declared in C:\Users\sminth\biscrem\Univers Coding\Projects\Www\fondation\app\Helpers.php:4) {"exception":"[object] (Symfony\\Component\\ErrorHandler\\Error\\FatalError(code: 0): Cannot redeclare getPrice() (previously declared in C:\\Users\\sminth\\biscrem\\Univers Coding\\Projects\\Www\\fondation\\app\\Helpers.php:4) at C:\\Users\\sminth\\biscrem\\Univers Coding\\Projects\\Www\\fondation\\app\\Helpers.php:4)
[stacktrace]
#0 {main}
"} 
[2021-07-30 20:36:50] local.ERROR: Cannot redeclare getPrice() (previously declared in C:\Users\sminth\biscrem\Univers Coding\Projects\Www\fondation\app\Helpers.php:4) {"exception":"[object] (Symfony\\Component\\ErrorHandler\\Error\\FatalError(code: 0): Cannot redeclare getPrice() (previously declared in C:\\Users\\sminth\\biscrem\\Univers Coding\\Projects\\Www\\fondation\\app\\Helpers.php:4) at C:\\Users\\sminth\\biscrem\\Univers Coding\\Projects\\Www\\fondation\\app\\Helpers.php:4)
[stacktrace]
#0 {main}
"} 
